<?xml version="1.0" encoding="UTF-8"?>
<testsuite xmlns:xsi="http://www.w3.org/2001/XMLSchema-instance" xsi:noNamespaceSchemaLocation="https://maven.apache.org/surefire/maven-surefire-plugin/xsd/surefire-test-report-3.0.xsd" version="3.0" name="org.wso2.azure.client.TestAzureADClient" time="115.085" tests="5" errors="0" skipped="0" failures="0">
  <properties>
    <property name="sun.desktop" value="gnome"/>
    <property name="awt.toolkit" value="sun.awt.X11.XToolkit"/>
    <property name="file.encoding.pkg" value="sun.io"/>
    <property name="java.specification.version" value="1.8"/>
    <property name="sun.cpu.isalist" value=""/>
    <property name="sun.jnu.encoding" value="UTF-8"/>
    <property name="java.class.path" value="/home/randika/Documents/projects/apim-km-azure-ad/components/azure.key.manager/target/test-classes:/home/randika/Documents/projects/apim-km-azure-ad/components/azure.key.manager/target/classes:/home/randika/.m2/repository/com/googlecode/json-simple/json-simple/1.1/json-simple-1.1.jar:/home/randika/.m2/repository/org/wso2/carbon/apimgt/org.wso2.carbon.apimgt.impl/6.7.206/org.wso2.carbon.apimgt.impl-6.7.206.jar:/home/randika/.m2/repository/org/wso2/carbon/analytics-common/org.wso2.carbon.event.output.adapter.core/5.2.26/org.wso2.carbon.event.output.adapter.core-5.2.26.jar:/home/randika/.m2/repository/xerces/xercesImpl/2.11.0/xercesImpl-2.11.0.jar:/home/randika/.m2/repository/org/testng/testng/6.11/testng-6.11.jar:/home/randika/.m2/repository/com/beust/jcommander/1.64/jcommander-1.64.jar:/home/randika/.m2/repository/org/wso2/carbon/analytics-common/org.wso2.carbon.event.output.adapter.email/5.2.26/org.wso2.carbon.event.output.adapter.email-5.2.26.jar:/home/randika/.m2/repository/org/apache/axis2/transport/axis2-transport-mail/2.0.0-wso2v42/axis2-transport-mail-2.0.0-wso2v42.jar:/home/randika/.m2/repository/org/apache/axis2/axis2-transport-base/1.6.1-wso2v40/axis2-transport-base-1.6.1-wso2v40.jar:/home/randika/.m2/repository/org/apache/axis2/axis2-kernel/1.6.1-wso2v40/axis2-kernel-1.6.1-wso2v40.jar:/home/randika/.m2/repository/org/apache/geronimo/specs/geronimo-ws-metadata_2.0_spec/1.1.2/geronimo-ws-metadata_2.0_spec-1.1.2.jar:/home/randika/.m2/repository/org/apache/neethi/neethi/2.0.4/neethi-2.0.4.jar:/home/randika/.m2/repository/javax/ws/rs/jsr311-api/1.0/jsr311-api-1.0.jar:/home/randika/.m2/repository/org/ops4j/pax/logging/pax-logging-api/1.10.1/pax-logging-api-1.10.1.jar:/home/randika/.m2/repository/org/wso2/carbon/analytics-common/org.wso2.carbon.event.output.adapter.sms/5.2.26/org.wso2.carbon.event.output.adapter.sms-5.2.26.jar:/home/randika/.m2/repository/com/google/guava/guava/27.0-jre/guava-27.0-jre.jar:/home/randika/.m2/repository/com/google/guava/failureaccess/1.0/failureaccess-1.0.jar:/home/randika/.m2/repository/com/google/guava/listenablefuture/9999.0-empty-to-avoid-conflict-with-guava/listenablefuture-9999.0-empty-to-avoid-conflict-with-guava.jar:/home/randika/.m2/repository/com/google/code/findbugs/jsr305/3.0.2/jsr305-3.0.2.jar:/home/randika/.m2/repository/org/checkerframework/checker-qual/2.5.2/checker-qual-2.5.2.jar:/home/randika/.m2/repository/com/google/errorprone/error_prone_annotations/2.2.0/error_prone_annotations-2.2.0.jar:/home/randika/.m2/repository/com/google/j2objc/j2objc-annotations/1.1/j2objc-annotations-1.1.jar:/home/randika/.m2/repository/org/codehaus/mojo/animal-sniffer-annotations/1.17/animal-sniffer-annotations-1.17.jar:/home/randika/.m2/repository/org/apache/woden/wso2/woden/1.0.0.M9-wso2v1/woden-1.0.0.M9-wso2v1.jar:/home/randika/.m2/repository/org/apache/woden/woden-all/1.0.0.M9-wso2v1/woden-all-1.0.0.M9-wso2v1.jar:/home/randika/.m2/repository/org/apache/woden/woden-api/1.0M9/woden-api-1.0M9.jar:/home/randika/.m2/repository/org/apache/woden/woden-impl-dom/1.0M9/woden-impl-dom-1.0M9.jar:/home/randika/.m2/repository/org/apache/woden/woden-impl-commons/1.0M9/woden-impl-commons-1.0M9.jar:/home/randika/.m2/repository/org/wso2/carbon/org.wso2.carbon.user.core/4.6.0/org.wso2.carbon.user.core-4.6.0.jar:/home/randika/.m2/repository/org/wso2/carbon/javax.cache.wso2/4.6.0/javax.cache.wso2-4.6.0.jar:/home/randika/.m2/repository/org/apache/geronimo/specs/geronimo-jta_1.1_spec/1.1/geronimo-jta_1.1_spec-1.1.jar:/home/randika/.m2/repository/commons-lang/wso2/commons-lang/2.6.0.wso2v1/commons-lang-2.6.0.wso2v1.jar:/home/randika/.m2/repository/org/wso2/carbon/org.wso2.carbon.user.api/4.6.0/org.wso2.carbon.user.api-4.6.0.jar:/home/randika/.m2/repository/commons-dbcp/wso2/commons-dbcp/1.4.0.wso2v1/commons-dbcp-1.4.0.wso2v1.jar:/home/randika/.m2/repository/org/wso2/orbit/org/apache/tomcat/jdbc-pool/9.0.16.wso2v1/jdbc-pool-9.0.16.wso2v1.jar:/home/randika/.m2/repository/org/wso2/securevault/org.wso2.securevault/1.1.3/org.wso2.securevault-1.1.3.jar:/home/randika/.m2/repository/jline/jline/0.9.94/jline-0.9.94.jar:/home/randika/.m2/repository/commons-cli/commons-cli/1.0/commons-cli-1.0.jar:/home/randika/.m2/repository/org/wso2/orbit/commons-collections/commons-collections/3.2.2.wso2v1/commons-collections-3.2.2.wso2v1.jar:/home/randika/.m2/repository/org/osgi/org.osgi.service.component.annotations/1.3.0/org.osgi.service.component.annotations-1.3.0.jar:/home/randika/.m2/repository/org/osgi/org.osgi.annotation/6.0.0/org.osgi.annotation-6.0.0.jar:/home/randika/.m2/repository/org/osgi/org.osgi.service.metatype.annotations/1.3.0/org.osgi.service.metatype.annotations-1.3.0.jar:/home/randika/.m2/repository/org/wso2/carbon/governance/org.wso2.carbon.governance.api/4.8.19/org.wso2.carbon.governance.api-4.8.19.jar:/home/randika/.m2/repository/com/ibm/icu/icu4j/3.8/icu4j-3.8.jar:/home/randika/.m2/repository/org/eclipse/equinox/org.eclipse.equinox.registry/3.5.100.v20110502/org.eclipse.equinox.registry-3.5.100.v20110502.jar:/home/randika/.m2/repository/org/wso2/carbon/org.wso2.carbon.registry.core/4.5.0/org.wso2.carbon.registry.core-4.5.0.jar:/home/randika/.m2/repository/commons-io/wso2/commons-io/2.4.0.wso2v1/commons-io-2.4.0.wso2v1.jar:/home/randika/.m2/repository/net/sourceforge/findbugs/annotations/1.3.2/annotations-1.3.2.jar:/home/randika/.m2/repository/org/apache/ws/commons/schema/wso2/XmlSchema/1.4.7.wso2v6/XmlSchema-1.4.7.wso2v6.jar:/home/randika/.m2/repository/org/wso2/carbon/org.wso2.carbon.registry.xboot/4.5.0/org.wso2.carbon.registry.xboot-4.5.0.jar:/home/randika/.m2/repository/org/compass-project/wso2/compass/2.0.1.wso2v2/compass-2.0.1.wso2v2.jar:/home/randika/.m2/repository/org/apache/abdera/wso2/abdera/1.0.0.wso2v3/abdera-1.0.0.wso2v3.jar:/home/randika/.m2/repository/eclipse/validateutility/0.95/validateutility-0.95.jar:/home/randika/.m2/repository/org/apache/ws/commons/axiom/axiom-api/1.2.11-wso2v16/axiom-api-1.2.11-wso2v16.jar:/home/randika/.m2/repository/org/apache/geronimo/specs/geronimo-activation_1.1_spec/1.1/geronimo-activation_1.1_spec-1.1.jar:/home/randika/.m2/repository/org/apache/geronimo/specs/geronimo-javamail_1.4_spec/1.7.1/geronimo-javamail_1.4_spec-1.7.1.jar:/home/randika/.m2/repository/org/apache/geronimo/specs/geronimo-stax-api_1.0_spec/1.0.1/geronimo-stax-api_1.0_spec-1.0.1.jar:/home/randika/.m2/repository/org/apache/ws/commons/axiom/axiom-impl/1.2.11-wso2v16/axiom-impl-1.2.11-wso2v16.jar:/home/randika/.m2/repository/org/apache/commons/commons-text/1.6/commons-text-1.6.jar:/home/randika/.m2/repository/org/wso2/carbon/registry/org.wso2.carbon.registry.extensions/4.7.34/org.wso2.carbon.registry.extensions-4.7.34.jar:/home/randika/.m2/repository/org/wso2/orbit/xalan/xalan/2.7.2.wso2v2/xalan-2.7.2.wso2v2.jar:/home/randika/.m2/repository/org/wso2/carbon/registry/org.wso2.carbon.registry.uddi/4.7.34/org.wso2.carbon.registry.uddi-4.7.34.jar:/home/randika/.m2/repository/org/apache/juddi/juddi-core/3.1.5.wso2v1/juddi-core-3.1.5.wso2v1.jar:/home/randika/.m2/repository/org/apache/juddi/uddi-ws/3.1.5.wso2v1/uddi-ws-3.1.5.wso2v1.jar:/home/randika/.m2/repository/org/apache/juddi/uddi-tck-base/3.1.5.wso2v1/uddi-tck-base-3.1.5.wso2v1.jar:/home/randika/.m2/repository/xmlunit/xmlunit/1.3/xmlunit-1.3.jar:/home/randika/.m2/repository/commons-configuration/commons-configuration/1.6/commons-configuration-1.6.jar:/home/randika/.m2/repository/commons-beanutils/commons-beanutils-core/1.8.0/commons-beanutils-core-1.8.0.jar:/home/randika/.m2/repository/javax/persistence/persistence-api/1.0/persistence-api-1.0.jar:/home/randika/.m2/repository/org/hibernate/hibernate/3.2.5.ga/hibernate-3.2.5.ga.jar:/home/randika/.m2/repository/net/sf/ehcache/ehcache/1.2.3/ehcache-1.2.3.jar:/home/randika/.m2/repository/javax/transaction/jta/1.0.1B/jta-1.0.1B.jar:/home/randika/.m2/repository/asm/asm-attrs/1.5.3/asm-attrs-1.5.3.jar:/home/randika/.m2/repository/antlr/antlr/2.7.6/antlr-2.7.6.jar:/home/randika/.m2/repository/org/hibernate/hibernate-entitymanager/3.3.1.ga/hibernate-entitymanager-3.3.1.ga.jar:/home/randika/.m2/repository/org/hibernate/hibernate-annotations/3.3.0.ga/hibernate-annotations-3.3.0.ga.jar:/home/randika/.m2/repository/org/hibernate/hibernate-commons-annotations/3.0.0.ga/hibernate-commons-annotations-3.0.0.ga.jar:/home/randika/.m2/repository/org/hibernate/hibernate-validator/3.0.0.ga/hibernate-validator-3.0.0.ga.jar:/home/randika/.m2/repository/jboss/jboss-common-core/2.0.4.GA/jboss-common-core-2.0.4.GA.jar:/home/randika/.m2/repository/cglib/cglib-nodep/2.1_3/cglib-nodep-2.1_3.jar:/home/randika/.m2/repository/commons-logging/commons-logging-api/1.1/commons-logging-api-1.1.jar:/home/randika/.m2/repository/org/apache/juddi/juddi-client/3.1.5.wso2v1/juddi-client-3.1.5.wso2v1.jar:/home/randika/.m2/repository/org/apache/geronimo/specs/geronimo-jpa_2.0_spec/1.0/geronimo-jpa_2.0_spec-1.0.jar:/home/randika/.m2/repository/org/apache/openjpa/openjpa/2.2.0-wso2v1/openjpa-2.2.0-wso2v1.jar:/home/randika/.m2/repository/net/sourceforge/serp/serp/1.13.1/serp-1.13.1.jar:/home/randika/.m2/repository/asm/asm/3.2/asm-3.2.jar:/home/randika/.m2/repository/org/wso2/orbit/wadl/core/wadl-core/1.1.6.wso2v1/wadl-core-1.1.6.wso2v1.jar:/home/randika/.m2/repository/org/jvnet/ws/wadl/wadl-core/1.1.6/wadl-core-1.1.6.jar:/home/randika/.m2/repository/org/glassfish/jersey/core/jersey-common/2.5.1/jersey-common-2.5.1.jar:/home/randika/.m2/repository/javax/ws/rs/javax.ws.rs-api/2.0/javax.ws.rs-api-2.0.jar:/home/randika/.m2/repository/javax/annotation/javax.annotation-api/1.2/javax.annotation-api-1.2.jar:/home/randika/.m2/repository/org/glassfish/hk2/hk2-api/2.2.0-b21/hk2-api-2.2.0-b21.jar:/home/randika/.m2/repository/org/glassfish/hk2/hk2-utils/2.2.0-b21/hk2-utils-2.2.0-b21.jar:/home/randika/.m2/repository/org/glassfish/hk2/external/javax.inject/2.2.0-b21/javax.inject-2.2.0-b21.jar:/home/randika/.m2/repository/org/glassfish/hk2/hk2-locator/2.2.0-b21/hk2-locator-2.2.0-b21.jar:/home/randika/.m2/repository/org/glassfish/hk2/external/asm-all-repackaged/2.2.0-b21/asm-all-repackaged-2.2.0-b21.jar:/home/randika/.m2/repository/org/glassfish/hk2/external/cglib/2.2.0-b21/cglib-2.2.0-b21.jar:/home/randika/.m2/repository/org/glassfish/hk2/osgi-resource-locator/1.0.1/osgi-resource-locator-1.0.1.jar:/home/randika/.m2/repository/org/jsonschema2pojo/jsonschema2pojo-core/0.4.0/jsonschema2pojo-core-0.4.0.jar:/home/randika/.m2/repository/org/jvnet/ws/wadl/wadl-xslt/1.1.6/wadl-xslt-1.1.6.jar:/home/randika/.m2/repository/com/googlecode/jsonschema2pojo/jsonschema2pojo-core/0.3.4/jsonschema2pojo-core-0.3.4.jar:/home/randika/.m2/repository/org/codehaus/jackson/jackson-mapper-asl/1.9.9/jackson-mapper-asl-1.9.9.jar:/home/randika/.m2/repository/org/codehaus/jackson/jackson-core-asl/1.9.9/jackson-core-asl-1.9.9.jar:/home/randika/.m2/repository/com/sun/codemodel/codemodel/2.4.1/codemodel-2.4.1.jar:/home/randika/.m2/repository/com/sun/localizer/localizer/1.0/localizer-1.0.jar:/home/randika/.m2/repository/com/sun/localizer/comresrcgen/1.0/comresrcgen-1.0.jar:/home/randika/.m2/repository/com/sun/jersey/jersey-client/1.12/jersey-client-1.12.jar:/home/randika/.m2/repository/com/sun/jersey/jersey-core/1.12/jersey-core-1.12.jar:/home/randika/.m2/repository/com/sun/jersey/jersey-server/1.12/jersey-server-1.12.jar:/home/randika/.m2/repository/com/sun/xml/bind/jaxb-impl/2.2.6/jaxb-impl-2.2.6.jar:/home/randika/.m2/repository/com/sun/xml/bind/jaxb-xjc/2.2.6/jaxb-xjc-2.2.6.jar:/home/randika/.m2/repository/org/eclipse/core/org.eclipse.core.runtime/3.5.0.v20090429-1800/org.eclipse.core.runtime-3.5.0.v20090429-1800.jar:/home/randika/.m2/repository/org/wso2/carbon/org.wso2.carbon.registry.server/4.5.3/org.wso2.carbon.registry.server-4.5.3.jar:/home/randika/.m2/repository/org/apache/maven/scm/wso2/maven-scm/1.7.0.wso2v1/maven-scm-1.7.0.wso2v1.jar:/home/randika/.m2/repository/org/apache/maven/scm/maven-scm-provider-svnexe/1.7.0-wso2v1/maven-scm-provider-svnexe-1.7.0-wso2v1.jar:/home/randika/.m2/repository/org/apache/maven/scm/maven-scm-api/1.7/maven-scm-api-1.7.jar:/home/randika/.m2/repository/org/apache/maven/scm/maven-scm-manager-plexus/1.7/maven-scm-manager-plexus-1.7.jar:/home/randika/.m2/repository/org/codehaus/plexus/plexus-container-default/1.0-alpha-9/plexus-container-default-1.0-alpha-9.jar:/home/randika/.m2/repository/classworlds/classworlds/1.1-alpha-2/classworlds-1.1-alpha-2.jar:/home/randika/.m2/repository/org/apache/maven/scm/maven-scm-provider-svn-commons/1.7/maven-scm-provider-svn-commons-1.7.jar:/home/randika/.m2/repository/regexp/regexp/1.3/regexp-1.3.jar:/home/randika/.m2/repository/org/codehaus/plexus/plexus-utils/2.0.5/plexus-utils-2.0.5.jar:/home/randika/.m2/repository/org/apache/maven/scm/maven-scm-client/1.7/maven-scm-client-1.7.jar:/home/randika/.m2/repository/org/apache/maven/scm/maven-scm-provider-accurev/1.7/maven-scm-provider-accurev-1.7.jar:/home/randika/.m2/repository/org/apache/maven/scm/maven-scm-provider-bazaar/1.7/maven-scm-provider-bazaar-1.7.jar:/home/randika/.m2/repository/org/apache/maven/scm/maven-scm-provider-clearcase/1.7/maven-scm-provider-clearcase-1.7.jar:/home/randika/.m2/repository/org/apache/maven/scm/maven-scm-provider-cvsexe/1.7/maven-scm-provider-cvsexe-1.7.jar:/home/randika/.m2/repository/org/apache/maven/scm/maven-scm-provider-cvs-commons/1.7/maven-scm-provider-cvs-commons-1.7.jar:/home/randika/.m2/repository/org/apache/maven/scm/maven-scm-provider-cvsjava/1.7/maven-scm-provider-cvsjava-1.7.jar:/home/randika/.m2/repository/org/netbeans/lib/cvsclient/20060125/cvsclient-20060125.jar:/home/randika/.m2/repository/ch/ethz/ganymed/ganymed-ssh2/build210/ganymed-ssh2-build210.jar:/home/randika/.m2/repository/org/apache/maven/scm/maven-scm-provider-gitexe/1.7/maven-scm-provider-gitexe-1.7.jar:/home/randika/.m2/repository/org/apache/maven/scm/maven-scm-provider-git-commons/1.7/maven-scm-provider-git-commons-1.7.jar:/home/randika/.m2/repository/org/apache/maven/scm/maven-scm-provider-hg/1.7/maven-scm-provider-hg-1.7.jar:/home/randika/.m2/repository/org/apache/maven/scm/maven-scm-provider-jazz/1.7/maven-scm-provider-jazz-1.7.jar:/home/randika/.m2/repository/org/apache/maven/scm/maven-scm-provider-local/1.7/maven-scm-provider-local-1.7.jar:/home/randika/.m2/repository/org/apache/maven/scm/maven-scm-provider-perforce/1.7/maven-scm-provider-perforce-1.7.jar:/home/randika/.m2/repository/org/apache/maven/scm/maven-scm-provider-starteam/1.7/maven-scm-provider-starteam-1.7.jar:/home/randika/.m2/repository/org/apache/maven/scm/maven-scm-provider-synergy/1.7/maven-scm-provider-synergy-1.7.jar:/home/randika/.m2/repository/org/apache/maven/scm/maven-scm-provider-vss/1.7/maven-scm-provider-vss-1.7.jar:/home/randika/.m2/repository/org/apache/maven/scm/maven-scm-provider-tfs/1.7/maven-scm-provider-tfs-1.7.jar:/home/randika/.m2/repository/org/apache/juddi/wso2/juddi/3.1.5.wso2v1/juddi-3.1.5.wso2v1.jar:/home/randika/.m2/repository/org/wso2/carbon/registry/org.wso2.carbon.registry.common/4.7.34/org.wso2.carbon.registry.common-4.7.34.jar:/home/randika/.m2/repository/commons-beanutils/wso2/commons-beanutils/1.8.0.wso2v1/commons-beanutils-1.8.0.wso2v1.jar:/home/randika/.m2/repository/org/wso2/carbon/org.wso2.carbon.feature.mgt.services/4.5.3/org.wso2.carbon.feature.mgt.services-4.5.3.jar:/home/randika/.m2/repository/org/wso2/carbon/org.wso2.carbon.feature.mgt.core/4.5.3/org.wso2.carbon.feature.mgt.core-4.5.3.jar:/home/randika/.m2/repository/org/wso2/eclipse/equinox/org.eclipse.equinox.p2.artifact.repository/1.1.300.v20131211-1531/org.eclipse.equinox.p2.artifact.repository-1.1.300.v20131211-1531.jar:/home/randika/.m2/repository/org/wso2/eclipse/equinox/org.eclipse.equinox.p2.director/2.3.100.v20140224-1921/org.eclipse.equinox.p2.director-2.3.100.v20140224-1921.jar:/home/randika/.m2/repository/org/wso2/eclipse/equinox/org.eclipse.equinox.p2.metadata.repository/1.2.100.v20131209-2144/org.eclipse.equinox.p2.metadata.repository-1.2.100.v20131209-2144.jar:/home/randika/.m2/repository/org/wso2/eclipse/equinox/org.eclipse.equinox.simpleconfigurator/1.1.200.v20160504-1450/org.eclipse.equinox.simpleconfigurator-1.1.200.v20160504-1450.jar:/home/randika/.m2/repository/org/wso2/eclipse/equinox/org.eclipse.equinox.p2.core/2.3.0.v20131211-1531/org.eclipse.equinox.p2.core-2.3.0.v20131211-1531.jar:/home/randika/.m2/repository/org/wso2/eclipse/equinox/org.eclipse.equinox.p2.engine/2.3.0.v20140506-1720/org.eclipse.equinox.p2.engine-2.3.0.v20140506-1720.jar:/home/randika/.m2/repository/org/wso2/eclipse/equinox/org.eclipse.equinox.p2.metadata/2.2.0.v20131211-1531/org.eclipse.equinox.p2.metadata-2.2.0.v20131211-1531.jar:/home/randika/.m2/repository/org/wso2/eclipse/equinox/org.eclipse.equinox.p2.repository/2.3.0.v20131211-1531/org.eclipse.equinox.p2.repository-2.3.0.v20131211-1531.jar:/home/randika/.m2/repository/org/wso2/eclipse/equinox/org.eclipse.equinox.common/3.8.0.v20160509-1230/org.eclipse.equinox.common-3.8.0.v20160509-1230.jar:/home/randika/.m2/repository/org/wso2/orbit/org/owasp/encoder/encoder/1.2.0.wso2v1/encoder-1.2.0.wso2v1.jar:/home/randika/.m2/repository/org/wso2/carbon/registry/org.wso2.carbon.registry.admin.api/4.7.34/org.wso2.carbon.registry.admin.api-4.7.34.jar:/home/randika/.m2/repository/org/wso2/carbon/commons/org.wso2.carbon.ntask.core/4.7.19/org.wso2.carbon.ntask.core-4.7.19.jar:/home/randika/.m2/repository/org/wso2/carbon/commons/org.wso2.carbon.ntask.common/4.7.19/org.wso2.carbon.ntask.common-4.7.19.jar:/home/randika/.m2/repository/org/wso2/carbon/commons/org.wso2.carbon.remote-tasks.stub/4.7.19/org.wso2.carbon.remote-tasks.stub-4.7.19.jar:/home/randika/.m2/repository/org/wso2/carbon/registry/org.wso2.carbon.registry.ws.client/4.7.35/org.wso2.carbon.registry.ws.client-4.7.35.jar:/home/randika/.m2/repository/org/apache/axis2/wso2/axis2/1.6.1-wso2v40/axis2-1.6.1-wso2v40.jar:/home/randika/.m2/repository/org/apache/rampart/rampart-core/1.6.1-wso2v41/rampart-core-1.6.1-wso2v41.jar:/home/randika/.m2/repository/org/apache/axis2/axis2-mtompolicy/1.6.1-wso2v37/axis2-mtompolicy-1.6.1-wso2v37.jar:/home/randika/.m2/repository/org/apache/axis2/mex/1.6.1-wso2v37/mex-1.6.1-wso2v37-impl.jar:/home/randika/.m2/repository/org/apache/rampart/rampart-policy/1.6.1-wso2v41/rampart-policy-1.6.1-wso2v41.jar:/home/randika/.m2/repository/org/apache/rampart/rampart-trust/1.6.1-wso2v41/rampart-trust-1.6.1-wso2v41.jar:/home/randika/.m2/repository/org/apache/ws/commons/axiom/axiom-dom/1.2.11-wso2v16/axiom-dom-1.2.11-wso2v16.jar:/home/randika/.m2/repository/org/apache/ws/security/wss4j/1.5.11-wso2v18/wss4j-1.5.11-wso2v18.jar:/home/randika/.m2/repository/org/apache/santuario/xmlsec/1.5.2/xmlsec-1.5.2.jar:/home/randika/.m2/repository/org/opensaml/opensaml/2.6.6/opensaml-2.6.6.jar:/home/randika/.m2/repository/org/opensaml/openws/1.5.6/openws-1.5.6.jar:/home/randika/.m2/repository/org/apache/velocity/velocity/1.7/velocity-1.7.jar:/home/randika/.m2/repository/org/owasp/esapi/esapi/2.0.1/esapi-2.0.1.jar:/home/randika/.m2/repository/joda-time/joda-time/2.2/joda-time-2.2.jar:/home/randika/.m2/repository/org/slf4j/jcl-over-slf4j/1.7.5/jcl-over-slf4j-1.7.5.jar:/home/randika/.m2/repository/org/slf4j/jul-to-slf4j/1.7.5/jul-to-slf4j-1.7.5.jar:/home/randika/.m2/repository/org/opensaml/opensaml1/1.1/opensaml1-1.1.jar:/home/randika/.m2/repository/org/opensaml/xmltooling/1.4.6/xmltooling-1.4.6.jar:/home/randika/.m2/repository/org/wso2/carbon/org.wso2.carbon.authenticator.proxy/4.5.3/org.wso2.carbon.authenticator.proxy-4.5.3.jar:/home/randika/.m2/repository/org/wso2/carbon/registry/org.wso2.carbon.registry.common.ui/4.7.35/org.wso2.carbon.registry.common.ui-4.7.35.jar:/home/randika/.m2/repository/org/eclipse/equinox/javax.servlet.jsp/2.2.0.v201112011158/javax.servlet.jsp-2.2.0.v201112011158.jar:/home/randika/.m2/repository/org/wso2/carbon/org.wso2.carbon.server.admin.common/4.5.3/org.wso2.carbon.server.admin.common-4.5.3.jar:/home/randika/.m2/repository/org/wso2/carbon/org.wso2.carbon.server.admin.ui/4.5.3/org.wso2.carbon.server.admin.ui-4.5.3.jar:/home/randika/.m2/repository/org/wso2/carbon/org.wso2.carbon.server.admin.stub/4.5.3/org.wso2.carbon.server.admin.stub-4.5.3.jar:/home/randika/.m2/repository/org/wso2/carbon/org.wso2.carbon.base/4.5.3/org.wso2.carbon.base-4.5.3.jar:/home/randika/.m2/repository/org/wso2/carbon/org.wso2.carbon.securevault/4.5.3/org.wso2.carbon.securevault-4.5.3.jar:/home/randika/.m2/repository/commons-beanutils/commons-beanutils/1.8.0/commons-beanutils-1.8.0.jar:/home/randika/.m2/repository/commons-collections/commons-collections/3.2/commons-collections-3.2.jar:/home/randika/.m2/repository/commons-digester/commons-digester/1.8/commons-digester-1.8.jar:/home/randika/.m2/repository/org/apache/ws/commons/axiom/wso2/axiom/1.2.11-wso2v16/axiom-1.2.11-wso2v16.jar:/home/randika/.m2/repository/org/codehaus/woodstox/woodstox-core-asl/4.2.0/woodstox-core-asl-4.2.0.jar:/home/randika/.m2/repository/org/codehaus/woodstox/stax2-api/3.1.4/stax2-api-3.1.4.jar:/home/randika/.m2/repository/org/wso2/carbon/org.wso2.carbon.ui/4.5.3/org.wso2.carbon.ui-4.5.3.jar:/home/randika/.m2/repository/org/apache/tiles/wso2/tiles-jsp/2.0.5.wso2v1/tiles-jsp-2.0.5.wso2v1.jar:/home/randika/.m2/repository/org/wso2/carbon/org.wso2.carbon.tomcat/4.5.3/org.wso2.carbon.tomcat-4.5.3.jar:/home/randika/.m2/repository/org/eclipse/equinox/org.eclipse.equinox.http.servlet/1.1.400.v20130418-1354/org.eclipse.equinox.http.servlet-1.1.400.v20130418-1354.jar:/home/randika/.m2/repository/org/wso2/carbon/org.wso2.carbon.core.commons.stub/4.5.3/org.wso2.carbon.core.commons.stub-4.5.3.jar:/home/randika/.m2/repository/javax/servlet/jsp/jstl/wso2/jstl/1.2.1.wso2v2/jstl-1.2.1.wso2v2.jar:/home/randika/.m2/repository/org/wso2/orbit/org/apache/tomcat/tomcat/9.0.22.wso2v1/tomcat-9.0.22.wso2v1.jar:/home/randika/.m2/repository/org/wso2/carbon/registry/org.wso2.carbon.registry.ws.stub/4.7.35/org.wso2.carbon.registry.ws.stub-4.7.35.jar:/home/randika/.m2/repository/org/apache/ws/security/wso2/wss4j/1.5.11.wso2v11/wss4j-1.5.11.wso2v11.jar:/home/randika/.m2/repository/org/apache/poi/wso2/poi-ooxml/3.9.0.wso2v3/poi-ooxml-3.9.0.wso2v3.jar:/home/randika/.m2/repository/org/wso2/wsdl4j/wsdl4j.wso2/1.6.3.wso2v3/wsdl4j.wso2-1.6.3.wso2v3.jar:/home/randika/.m2/repository/org/wso2/carbon/org.wso2.carbon.core/4.6.0/org.wso2.carbon.core-4.6.0.jar:/home/randika/.m2/repository/org/wso2/orbit/com/hazelcast/hazelcast/3.12.2.wso2v1/hazelcast-3.12.2.wso2v1.jar:/home/randika/.m2/repository/org/eclipse/platform/org.eclipse.osgi/3.14.0/org.eclipse.osgi-3.14.0.jar:/home/randika/.m2/repository/org/wso2/eclipse/osgi/org.eclipse.osgi.services/3.5.100.v20160504-1419/org.eclipse.osgi.services-3.5.100.v20160504-1419.jar:/home/randika/.m2/repository/org/eclipse/equinox/org.eclipse.equinox.http.helper/1.1.0.wso2v1/org.eclipse.equinox.http.helper-1.1.0.wso2v1.jar:/home/randika/.m2/repository/org/wso2/orbit/org/bouncycastle/bcprov-jdk15on/1.60.0.wso2v1/bcprov-jdk15on-1.60.0.wso2v1.jar:/home/randika/.m2/repository/org/bouncycastle/bcprov-jdk15on/1.60/bcprov-jdk15on-1.60.jar:/home/randika/.m2/repository/org/wso2/carbon/crypto/org.wso2.carbon.crypto.api/1.1.2/org.wso2.carbon.crypto.api-1.1.2.jar:/home/randika/.m2/repository/org/wso2/orbit/org/apache/neethi/neethi/2.0.4.wso2v5/neethi-2.0.4.wso2v5.jar:/home/randika/.m2/repository/org/apache/httpcomponents/wso2/httpcore/4.3.3.wso2v1/httpcore-4.3.3.wso2v1.jar:/home/randika/.m2/repository/org/apache/tomcat/tomcat-catalina-ha/9.0.31/tomcat-catalina-ha-9.0.31.jar:/home/randika/.m2/repository/org/apache/tomcat/tomcat-juli/9.0.31/tomcat-juli-9.0.31.jar:/home/randika/.m2/repository/org/apache/tomcat/tomcat-tribes/9.0.31/tomcat-tribes-9.0.31.jar:/home/randika/.m2/repository/org/apache/tomcat/tomcat-catalina/9.0.31/tomcat-catalina-9.0.31.jar:/home/randika/.m2/repository/org/apache/tomcat/tomcat-jsp-api/9.0.31/tomcat-jsp-api-9.0.31.jar:/home/randika/.m2/repository/org/apache/tomcat/tomcat-el-api/9.0.31/tomcat-el-api-9.0.31.jar:/home/randika/.m2/repository/org/apache/tomcat/tomcat-annotations-api/9.0.31/tomcat-annotations-api-9.0.31.jar:/home/randika/.m2/repository/org/apache/tomcat/tomcat-api/9.0.31/tomcat-api-9.0.31.jar:/home/randika/.m2/repository/org/apache/tomcat/tomcat-jaspic-api/9.0.31/tomcat-jaspic-api-9.0.31.jar:/home/randika/.m2/repository/org/apache/tomcat/tomcat-util/9.0.31/tomcat-util-9.0.31.jar:/home/randika/.m2/repository/org/apache/tomcat/tomcat-util-scan/9.0.31/tomcat-util-scan-9.0.31.jar:/home/randika/.m2/repository/org/wso2/carbon/apimgt/org.wso2.carbon.apimgt.api/6.7.206/org.wso2.carbon.apimgt.api-6.7.206.jar:/home/randika/.m2/repository/org/wso2/carbon/org.wso2.carbon.registry.api/4.6.0/org.wso2.carbon.registry.api-4.6.0.jar:/home/randika/.m2/repository/org/apache/commons/commons-lang3/3.10/commons-lang3-3.10.jar:/home/randika/.m2/repository/org/wso2/carbon/apimgt/org.wso2.carbon.apimgt.keymgt.client/6.7.206/org.wso2.carbon.apimgt.keymgt.client-6.7.206.jar:/home/randika/.m2/repository/org/wso2/carbon/org.wso2.carbon.authenticator.stub/4.6.0/org.wso2.carbon.authenticator.stub-4.6.0.jar:/home/randika/.m2/repository/org/wso2/carbon/identity/framework/org.wso2.carbon.identity.core/5.17.5/org.wso2.carbon.identity.core-5.17.5.jar:/home/randika/.m2/repository/org/wso2/carbon/identity/framework/org.wso2.carbon.identity.base/5.17.5/org.wso2.carbon.identity.base-5.17.5.jar:/home/randika/.m2/repository/org/apache/rampart/wso2/rampart-core/1.6.1-wso2v43/rampart-core-1.6.1-wso2v43.jar:/home/randika/.m2/repository/org/wso2/carbon/commons/org.wso2.carbon.tenant.common/4.7.18/org.wso2.carbon.tenant.common-4.7.18.jar:/home/randika/.m2/repository/org/wso2/carbon/utils/org.wso2.carbon.database.utils/2.0.7/org.wso2.carbon.database.utils-2.0.7.jar:/home/randika/.m2/repository/commons-lang/commons-lang/2.6/commons-lang-2.6.jar:/home/randika/.m2/repository/org/slf4j/slf4j-simple/1.7.21/slf4j-simple-1.7.21.jar:/home/randika/.m2/repository/ua/parser/wso2/ua-parser/1.3.0.wso2v2/ua-parser-1.3.0.wso2v2.jar:/home/randika/.m2/repository/org/wso2/carbon/identity/inbound/auth/oauth2/org.wso2.carbon.identity.oauth/6.4.2/org.wso2.carbon.identity.oauth-6.4.2.jar:/home/randika/.m2/repository/org/apache/tomcat/tomcat-coyote/9.0.21/tomcat-coyote-9.0.21.jar:/home/randika/.m2/repository/org/apache/tomcat/tomcat-servlet-api/9.0.21/tomcat-servlet-api-9.0.21.jar:/home/randika/.m2/repository/org/apache/tomcat/tomcat-jni/9.0.21/tomcat-jni-9.0.21.jar:/home/randika/.m2/repository/commons-codec/wso2/commons-codec/1.4.0.wso2v1/commons-codec-1.4.0.wso2v1.jar:/home/randika/.m2/repository/com/google/gdata/wso2/gdata-core/1.47.0.wso2v1/gdata-core-1.47.0.wso2v1.jar:/home/randika/.m2/repository/org/wso2/carbon/identity/framework/org.wso2.carbon.identity.event/5.16.119/org.wso2.carbon.identity.event-5.16.119.jar:/home/randika/.m2/repository/org/wso2/carbon/identity/framework/org.wso2.carbon.identity.testutil/5.16.119/org.wso2.carbon.identity.testutil-5.16.119.jar:/home/randika/.m2/repository/org/apache/logging/log4j/log4j-api/2.12.0/log4j-api-2.12.0.jar:/home/randika/.m2/repository/org/apache/logging/log4j/log4j-core/2.12.0/log4j-core-2.12.0.jar:/home/randika/.m2/repository/org/wso2/orbit/org/apache/oltu/oauth2/oltu/1.0.0.wso2v3/oltu-1.0.0.wso2v3.jar:/home/randika/.m2/repository/org/wso2/carbon/identity/inbound/auth/oauth2/org.wso2.carbon.identity.oauth.common/6.4.2/org.wso2.carbon.identity.oauth.common-6.4.2.jar:/home/randika/.m2/repository/org/wso2/carbon/identity/framework/org.wso2.carbon.idp.mgt/5.16.119/org.wso2.carbon.idp.mgt-5.16.119.jar:/home/randika/.m2/repository/org/wso2/carbon/identity/framework/org.wso2.carbon.identity.application.mgt/5.16.119/org.wso2.carbon.identity.application.mgt-5.16.119.jar:/home/randika/.m2/repository/org/wso2/carbon/identity/framework/org.wso2.carbon.security.mgt/5.16.119/org.wso2.carbon.security.mgt-5.16.119.jar:/home/randika/.m2/repository/org/apache/rampart/wso2/rampart-policy/1.6.1-wso2v43/rampart-policy-1.6.1-wso2v43.jar:/home/randika/.m2/repository/org/apache/rampart/wso2/rampart-trust/1.6.1-wso2v43/rampart-trust-1.6.1-wso2v43.jar:/home/randika/.m2/repository/backport-util-concurrent/wso2/backport-util-concurrent/3.1.0.wso2v1/backport-util-concurrent-3.1.0.wso2v1.jar:/home/randika/.m2/repository/org/jacoco/org.jacoco.agent/0.8.2/org.jacoco.agent-0.8.2-runtime.jar:/home/randika/.m2/repository/org/wso2/carbon/identity/framework/org.wso2.carbon.identity.application.common/5.16.119/org.wso2.carbon.identity.application.common-5.16.119.jar:/home/randika/.m2/repository/org/wso2/carbon/identity/framework/org.wso2.carbon.identity.entitlement/5.16.119/org.wso2.carbon.identity.entitlement-5.16.119.jar:/home/randika/.m2/repository/org/wso2/balana/org.wso2.balana/1.2.1/org.wso2.balana-1.2.1.jar:/home/randika/.m2/repository/org/wso2/balana/org.wso2.balana.utils/1.2.1/org.wso2.balana.utils-1.2.1.jar:/home/randika/.m2/repository/org/wso2/carbon/identity/framework/org.wso2.carbon.identity.authenticator.thrift/5.16.119/org.wso2.carbon.identity.authenticator.thrift-5.16.119.jar:/home/randika/.m2/repository/org/wso2/carbon/identity/framework/org.wso2.carbon.identity.entitlement.common/5.16.119/org.wso2.carbon.identity.entitlement.common-5.16.119.jar:/home/randika/.m2/repository/org/wso2/carbon/identity/framework/org.wso2.carbon.identity.entitlement.stub/5.16.119/org.wso2.carbon.identity.entitlement.stub-5.16.119.jar:/home/randika/.m2/repository/libthrift/wso2/libthrift/0.12.0.wso2v1/libthrift-0.12.0.wso2v1.jar:/home/randika/.m2/repository/org/apache/thrift/libthrift/0.12.0/libthrift-0.12.0.jar:/home/randika/.m2/repository/org/wso2/carbon/identity/framework/org.wso2.carbon.identity.notification.mgt/5.16.119/org.wso2.carbon.identity.notification.mgt-5.16.119.jar:/home/randika/.m2/repository/org/wso2/carbon/identity/saml/common/org.wso2.carbon.identity.saml.common.util/1.0.3/org.wso2.carbon.identity.saml.common.util-1.0.3.jar:/home/randika/.m2/repository/org/wso2/orbit/com/github/dblock/waffle/waffle-jna/1.6.wso2v6/waffle-jna-1.6.wso2v6.jar:/home/randika/.m2/repository/org/wso2/orbit/com/nimbusds/nimbus-jose-jwt/7.3.0.wso2v1/nimbus-jose-jwt-7.3.0.wso2v1.jar:/home/randika/.m2/repository/net/minidev/json-smart/2.3/json-smart-2.3.jar:/home/randika/.m2/repository/net/minidev/accessors-smart/1.2/accessors-smart-1.2.jar:/home/randika/.m2/repository/org/ow2/asm/asm/5.0.4/asm-5.0.4.jar:/home/randika/.m2/repository/org/wso2/carbon/org.wso2.carbon.core.common/4.6.0/org.wso2.carbon.core.common-4.6.0.jar:/home/randika/.m2/repository/javax/servlet/servlet-api/2.5/servlet-api-2.5.jar:/home/randika/.m2/repository/org/wso2/carbon/identity/framework/org.wso2.carbon.identity.application.authentication.framework/5.16.119/org.wso2.carbon.identity.application.authentication.framework-5.16.119.jar:/home/randika/.m2/repository/org/wso2/carbon/identity/framework/org.wso2.carbon.identity.template.mgt/5.16.119/org.wso2.carbon.identity.template.mgt-5.16.119.jar:/home/randika/.m2/repository/org/wso2/carbon/identity/framework/org.wso2.carbon.identity.user.profile/5.16.119/org.wso2.carbon.identity.user.profile-5.16.119.jar:/home/randika/.m2/repository/org/wso2/carbon/identity/framework/org.wso2.carbon.identity.functions.library.mgt/5.16.119/org.wso2.carbon.identity.functions.library.mgt-5.16.119.jar:/home/randika/.m2/repository/org/wso2/carbon/identity/framework/org.wso2.carbon.identity.user.store.configuration/5.16.119/org.wso2.carbon.identity.user.store.configuration-5.16.119.jar:/home/randika/.m2/repository/org/wso2/carbon/org.wso2.carbon.ndatasource.core/4.6.0-beta2/org.wso2.carbon.ndatasource.core-4.6.0-beta2.jar:/home/randika/.m2/repository/org/wso2/carbon/org.wso2.carbon.ndatasource.common/4.6.0-beta2/org.wso2.carbon.ndatasource.common-4.6.0-beta2.jar:/home/randika/.m2/repository/org/wso2/carbon/org.wso2.carbon.ndatasource.rdbms/4.6.0-beta2/org.wso2.carbon.ndatasource.rdbms-4.6.0-beta2.jar:/home/randika/.m2/repository/org/wso2/orbit/joda-time/joda-time/2.9.4.wso2v1/joda-time-2.9.4.wso2v1.jar:/home/randika/.m2/repository/org/wso2/carbon/identity/framework/org.wso2.carbon.identity.claim.metadata.mgt/5.16.119/org.wso2.carbon.identity.claim.metadata.mgt-5.16.119.jar:/home/randika/.m2/repository/org/wso2/orbit/javax/xml/bind/jaxb-api/2.3.1.wso2v1/jaxb-api-2.3.1.wso2v1.jar:/home/randika/.m2/repository/org/wso2/orbit/org/opensaml/opensaml/3.3.1.wso2v1/opensaml-3.3.1.wso2v1.jar:/home/randika/.m2/repository/org/cryptacular/cryptacular/1.1.3/cryptacular-1.1.3.jar:/home/randika/.m2/repository/com/google/code/findbugs/annotations/3.0.1/annotations-3.0.1.jar:/home/randika/.m2/repository/net/jcip/jcip-annotations/1.0/jcip-annotations-1.0.jar:/home/randika/.m2/repository/org/wso2/carbon/identity/framework/org.wso2.carbon.captcha.mgt/5.17.5/org.wso2.carbon.captcha.mgt-5.17.5.jar:/home/randika/.m2/repository/kaptcha/wso2/kaptcha/2.3.0.wso2v1/kaptcha-2.3.0.wso2v1.jar:/home/randika/.m2/repository/org/wso2/carbon/identity/governance/org.wso2.carbon.identity.recovery/1.4.1/org.wso2.carbon.identity.recovery-1.4.1.jar:/home/randika/.m2/repository/org/wso2/carbon/identity/governance/org.wso2.carbon.identity.governance/1.4.1/org.wso2.carbon.identity.governance-1.4.1.jar:/home/randika/.m2/repository/org/wso2/carbon/multitenancy/org.wso2.carbon.tenant.mgt/4.7.11/org.wso2.carbon.tenant.mgt-4.7.11.jar:/home/randika/.m2/repository/org/wso2/carbon/multitenancy/org.wso2.carbon.tenant.mgt.core/4.7.11/org.wso2.carbon.tenant.mgt.core-4.7.11.jar:/home/randika/.m2/repository/org/wso2/carbon/identity/user/ws/org.wso2.carbon.um.ws.api/5.3.3/org.wso2.carbon.um.ws.api-5.3.3.jar:/home/randika/.m2/repository/org/wso2/carbon/identity/framework/org.wso2.carbon.identity.mgt/5.16.27/org.wso2.carbon.identity.mgt-5.16.27.jar:/home/randika/.m2/repository/org/wso2/carbon/identity/framework/org.wso2.carbon.identity.consent.mgt/5.16.27/org.wso2.carbon.identity.consent.mgt-5.16.27.jar:/home/randika/.m2/repository/org/json/wso2/json/3.0.0.wso2v1/json-3.0.0.wso2v1.jar:/home/randika/.m2/repository/org/json/json/20140107/json-20140107.jar:/home/randika/.m2/repository/org/wso2/carbon/consent/mgt/org.wso2.carbon.consent.mgt.core/2.2.4/org.wso2.carbon.consent.mgt.core-2.2.4.jar:/home/randika/.m2/repository/org/wso2/carbon/identity/event/handler/accountlock/org.wso2.carbon.identity.handler.event.account.lock/1.1.12/org.wso2.carbon.identity.handler.event.account.lock-1.1.12.jar:/home/randika/.m2/repository/org/wso2/carbon/governance/org.wso2.carbon.governance.registry.extensions/4.8.19/org.wso2.carbon.governance.registry.extensions-4.8.19.jar:/home/randika/.m2/repository/org/wso2/carbon/registry/org.wso2.carbon.registry.servlet/4.7.34/org.wso2.carbon.registry.servlet-4.7.34.jar:/home/randika/.m2/repository/org/wso2/carbon/registry/org.wso2.carbon.registry.eventing/4.7.34/org.wso2.carbon.registry.eventing-4.7.34.jar:/home/randika/.m2/repository/org/wso2/carbon/registry/org.wso2.carbon.registry.event.core/4.7.34/org.wso2.carbon.registry.event.core-4.7.34.jar:/home/randika/.m2/repository/org/wso2/carbon/registry/org.wso2.carbon.registry.event.ws/4.7.34/org.wso2.carbon.registry.event.ws-4.7.34.jar:/home/randika/.m2/repository/org/wso2/carbon/commons/org.wso2.carbon.email.verification/4.7.19/org.wso2.carbon.email.verification-4.7.19.jar:/home/randika/.m2/repository/org/wso2/carbon/registry/org.wso2.carbon.governance.notifications.worklist.stub/4.7.34/org.wso2.carbon.governance.notifications.worklist.stub-4.7.34.jar:/home/randika/.m2/repository/org/wso2/carbon/org.wso2.carbon.core.services/4.5.0/org.wso2.carbon.core.services-4.5.0.jar:/home/randika/.m2/repository/org/wso2/carbon/registry/org.wso2.carbon.registry.task/4.7.34/org.wso2.carbon.registry.task-4.7.34.jar:/home/randika/.m2/repository/org/wso2/carbon/registry/org.wso2.carbon.registry.resource.stub/4.7.34/org.wso2.carbon.registry.resource.stub-4.7.34.jar:/home/randika/.m2/repository/org/wso2/carbon/governance/org.wso2.carbon.governance.common/4.8.19/org.wso2.carbon.governance.common-4.8.19.jar:/home/randika/.m2/repository/commons-dbcp/commons-dbcp/1.2.2/commons-dbcp-1.2.2.jar:/home/randika/.m2/repository/commons-pool/commons-pool/1.3/commons-pool-1.3.jar:/home/randika/.m2/repository/javax/mail/mail/1.4/mail-1.4.jar:/home/randika/.m2/repository/javax/activation/activation/1.1/activation-1.1.jar:/home/randika/.m2/repository/commons-fileupload/commons-fileupload/1.1.1/commons-fileupload-1.1.1.jar:/home/randika/.m2/repository/hsqldb/wso2/hsqldb/1.8.0.7wso2v1/hsqldb-1.8.0.7wso2v1.jar:/home/randika/.m2/repository/commons-httpclient/commons-httpclient/3.0.1/commons-httpclient-3.0.1.jar:/home/randika/.m2/repository/junit/junit/3.8.1/junit-3.8.1.jar:/home/randika/.m2/repository/org/apache/geronimo/specs/wso2/geronimo-stax-api_1.0_spec/1.0.1.wso2v1/geronimo-stax-api_1.0_spec-1.0.1.wso2v1.jar:/home/randika/.m2/repository/org/codehaus/woodstox/wstx-asl/3.2.9/wstx-asl-3.2.9.jar:/home/randika/.m2/repository/stax/stax-api/1.0.1/stax-api-1.0.1.jar:/home/randika/.m2/repository/jaxen/jaxen/1.1.1/jaxen-1.1.1.jar:/home/randika/.m2/repository/dom4j/dom4j/1.6.1/dom4j-1.6.1.jar:/home/randika/.m2/repository/jdom/jdom/1.0/jdom-1.0.jar:/home/randika/.m2/repository/xom/xom/1.0/xom-1.0.jar:/home/randika/.m2/repository/xerces/xmlParserAPIs/2.6.2/xmlParserAPIs-2.6.2.jar:/home/randika/.m2/repository/xml-apis/xml-apis/1.3.04/xml-apis-1.3.04.jar:/home/randika/.m2/repository/org/apache/ws/commons/schema/XmlSchema/1.4.3/XmlSchema-1.4.3.jar:/home/randika/.m2/repository/org/apache/derby/derby/10.4.2.0/derby-10.4.2.0.jar:/home/randika/.m2/repository/org/wso2/wsdl/validator/wso2/wsdl-validator/1.2.0.wso2v1/wsdl-validator-1.2.0.wso2v1.jar:/home/randika/.m2/repository/uddi/uddi4j/1.0.1/uddi4j-1.0.1.jar:/home/randika/.m2/repository/org/wso2/carbon/org.wso2.carbon.mashup.utils/4.2.0/org.wso2.carbon.mashup.utils-4.2.0.jar:/home/randika/.m2/repository/org/jaggeryjs/org.jaggeryjs.scriptengine/0.9.0.ALPHA4.wso2v1/org.jaggeryjs.scriptengine-0.9.0.ALPHA4.wso2v1.jar:/home/randika/.m2/repository/commons-httpclient/wso2/commons-httpclient/3.1.0.wso2v2/commons-httpclient-3.1.0.wso2v2.jar:/home/randika/.m2/repository/org/apache/commons/ssl/not-yet-commons-ssl/0.3.9/not-yet-commons-ssl-0.3.9.jar:/home/randika/.m2/repository/org/eclipse/wst/jsdt/org.eclipse.wst.jsdt.debug.rhino.debugger/1.0.300.v201109150503/org.eclipse.wst.jsdt.debug.rhino.debugger-1.0.300.v201109150503.jar:/home/randika/.m2/repository/org/eclipse/wst/jsdt/org.eclipse.wst.jsdt.debug.transport/1.0.100.v201109150330/org.eclipse.wst.jsdt.debug.transport-1.0.100.v201109150330.jar:/home/randika/.m2/repository/org/wso2/carbon/governance/org.wso2.carbon.mashup.javascript.hostobjects.registry/4.8.19/org.wso2.carbon.mashup.javascript.hostobjects.registry-4.8.19.jar:/home/randika/.m2/repository/org/wso2/wsf/javascript/axiom-e4x/2.1.0/axiom-e4x-2.1.0.jar:/home/randika/.m2/repository/org/mozilla/rhino/js-core/1.6R7/js-core-1.6R7.jar:/home/randika/.m2/repository/woodstox/wstx-asl/3.1.0/wstx-asl-3.1.0.jar:/home/randika/.m2/repository/rhino/wso2/js/1.7.0.R4.wso2v1/js-1.7.0.R4.wso2v1.jar:/home/randika/.m2/repository/org/mozilla/rhino/1.7R4/rhino-1.7R4.jar:/home/randika/.m2/repository/commons-scxml/wso2/commons-scxml/0.9.0.wso2v1/commons-scxml-0.9.0.wso2v1.jar:/home/randika/.m2/repository/org/apache/httpcomponents/wso2/httpclient/4.1.1.wso2v1/httpclient-4.1.1.wso2v1.jar:/home/randika/.m2/repository/com/h2database/wso2/h2-database-engine/1.2.140.wso2v3/h2-database-engine-1.2.140.wso2v3.jar:/home/randika/.m2/repository/commons-codec/commons-codec/1.14/commons-codec-1.14.jar:/home/randika/.m2/repository/org/wso2/carbon/apimgt/org.wso2.carbon.apimgt.handlers.security.stub/6.7.206/org.wso2.carbon.apimgt.handlers.security.stub-6.7.206.jar:/home/randika/.m2/repository/org/apache/axis2/wso2/axis2-client/1.6.1-wso2v41/axis2-client-1.6.1-wso2v41.jar:/home/randika/.m2/repository/org/apache/axis2/wso2/axis2-json/1.6.1-wso2v41/axis2-json-1.6.1-wso2v41.jar:/home/randika/.m2/repository/wsdl4j/wso2/wsdl4j/1.6.2.wso2v2/wsdl4j-1.6.2.wso2v2.jar:/home/randika/.m2/repository/wsdl4j/wsdl4j/1.6.2/wsdl4j-1.6.2.jar:/home/randika/.m2/repository/org/wso2/carbon/org.wso2.carbon.utils/4.6.0/org.wso2.carbon.utils-4.6.0.jar:/home/randika/.m2/repository/org/wso2/carbon/org.wso2.carbon.bootstrap/4.6.0/org.wso2.carbon.bootstrap-4.6.0.jar:/home/randika/.m2/repository/wrapper/wrapper/3.2.3/wrapper-3.2.3.jar:/home/randika/.m2/repository/org/ops4j/pax/logging/pax-logging-log4j2/1.11.3/pax-logging-log4j2-1.11.3.jar:/home/randika/.m2/repository/org/osgi/osgi.core/6.0.0/osgi.core-6.0.0.jar:/home/randika/.m2/repository/org/osgi/osgi.cmpn/6.0.0/osgi.cmpn-6.0.0.jar:/home/randika/.m2/repository/org/wso2/carbon/org.wso2.carbon.queuing/4.6.0/org.wso2.carbon.queuing-4.6.0.jar:/home/randika/.m2/repository/org/igniterealtime/smack/wso2/smack/3.0.4.wso2v1/smack-3.0.4.wso2v1.jar:/home/randika/.m2/repository/org/igniterealtime/smack/wso2/smackx/3.0.4.wso2v1/smackx-3.0.4.wso2v1.jar:/home/randika/.m2/repository/org/wso2/orbit/commons-fileupload/commons-fileupload/1.3.3.wso2v1/commons-fileupload-1.3.3.wso2v1.jar:/home/randika/.m2/repository/org/apache/ant/wso2/ant/1.7.0.wso2v1/ant-1.7.0.wso2v1.jar:/home/randika/.m2/repository/org/apache/ant/ant/1.7.0/ant-1.7.0.jar:/home/randika/.m2/repository/org/apache/ant/ant-launcher/1.7.0/ant-launcher-1.7.0.jar:/home/randika/.m2/repository/org/eclipse/equinox/javax.servlet/3.0.0.v201112011016/javax.servlet-3.0.0.v201112011016.jar:/home/randika/.m2/repository/org/wso2/orbit/commons-httpclient/commons-httpclient/3.1.0.wso2v6/commons-httpclient-3.1.0.wso2v6.jar:/home/randika/.m2/repository/org/apache/httpcomponents/httpmime/4.5.10/httpmime-4.5.10.jar:/home/randika/.m2/repository/org/apache/httpcomponents/httpclient/4.5.10/httpclient-4.5.10.jar:/home/randika/.m2/repository/org/apache/httpcomponents/httpcore/4.4.12/httpcore-4.4.12.jar:/home/randika/.m2/repository/org/wso2/carbon/commons/org.wso2.carbon.event.core/4.7.32/org.wso2.carbon.event.core-4.7.32.jar:/home/randika/.m2/repository/org/apache/geronimo/specs/wso2/geronimo-jms_1.1_spec/1.1.0.wso2v1/geronimo-jms_1.1_spec-1.1.0.wso2v1.jar:/home/randika/.m2/repository/org/wso2/carbon/commons/org.wso2.carbon.qpid.stub/4.7.32/org.wso2.carbon.qpid.stub-4.7.32.jar:/home/randika/.m2/repository/org/wso2/carbon/commons/org.wso2.carbon.event.client.stub/4.7.32/org.wso2.carbon.event.client.stub-4.7.32.jar:/home/randika/.m2/repository/org/wso2/carbon/commons/org.wso2.carbon.event.stub/4.7.32/org.wso2.carbon.event.stub-4.7.32.jar:/home/randika/.m2/repository/org/wso2/carbon/registry/org.wso2.carbon.registry.indexing/4.7.35/org.wso2.carbon.registry.indexing-4.7.35.jar:/home/randika/.m2/repository/org/apache/poi/wso2/poi-scratchpad/3.9.0.wso2v1/poi-scratchpad-3.9.0.wso2v1.jar:/home/randika/.m2/repository/org/apache/poi/poi-scratchpad/3.9/poi-scratchpad-3.9.jar:/home/randika/.m2/repository/org/apache/poi/poi/3.9/poi-3.9.jar:/home/randika/.m2/repository/org/wso2/orbit/org/apache/solr/solr/5.5.5.wso2v1/solr-5.5.5.wso2v1.jar:/home/randika/.m2/repository/com/googlecode/json-simple/wso2/json-simple/1.1.wso2v1/json-simple-1.1.wso2v1.jar:/home/randika/.m2/repository/org/wso2/carbon/apimgt/org.wso2.carbon.apimgt.keymgt.stub/6.7.206/org.wso2.carbon.apimgt.keymgt.stub-6.7.206.jar:/home/randika/.m2/repository/org/wso2/carbon/apimgt/org.wso2.carbon.apimgt.gateway.stub/6.7.206/org.wso2.carbon.apimgt.gateway.stub-6.7.206.jar:/home/randika/.m2/repository/org/wso2/carbon/identity/inbound/auth/oauth2/org.wso2.carbon.identity.oauth.stub/6.4.2/org.wso2.carbon.identity.oauth.stub-6.4.2.jar:/home/randika/.m2/repository/org/wso2/carbon/identity/framework/org.wso2.carbon.identity.application.mgt.stub/5.17.5/org.wso2.carbon.identity.application.mgt.stub-5.17.5.jar:/home/randika/.m2/repository/org/wso2/orbit/javax/activation/activation/1.1.1.wso2v1/activation-1.1.1.wso2v1.jar:/home/randika/.m2/repository/org/wso2/carbon/identity/framework/org.wso2.carbon.identity.mgt.stub/5.17.5/org.wso2.carbon.identity.mgt.stub-5.17.5.jar:/home/randika/.m2/repository/org/wso2/carbon/identity/user/ws/org.wso2.carbon.um.ws.api.stub/5.4.0/org.wso2.carbon.um.ws.api.stub-5.4.0.jar:/home/randika/.m2/repository/org/wso2/carbon/identity/framework/org.wso2.carbon.user.mgt.stub/5.17.5/org.wso2.carbon.user.mgt.stub-5.17.5.jar:/home/randika/.m2/repository/org/wso2/carbon/analytics-common/org.wso2.carbon.databridge.agent/5.2.26/org.wso2.carbon.databridge.agent-5.2.26.jar:/home/randika/.m2/repository/org/eclipse/osgi/org.eclipse.osgi/3.7.0.v20110613/org.eclipse.osgi-3.7.0.v20110613.jar:/home/randika/.m2/repository/org/eclipse/osgi/org.eclipse.osgi.services/3.3.100.v20120522-1822/org.eclipse.osgi.services-3.3.100.v20120522-1822.jar:/home/randika/.m2/repository/org/wso2/carbon/analytics-common/org.wso2.carbon.databridge.commons/5.2.26/org.wso2.carbon.databridge.commons-5.2.26.jar:/home/randika/.m2/repository/org/wso2/carbon/analytics-common/org.wso2.carbon.databridge.commons.thrift/5.2.26/org.wso2.carbon.databridge.commons.thrift-5.2.26.jar:/home/randika/.m2/repository/slf4j/wso2/slf4j/1.5.10.wso2v1/slf4j-1.5.10.wso2v1.jar:/home/randika/.m2/repository/commons-pool/wso2/commons-pool/1.5.6.wso2v1/commons-pool-1.5.6.wso2v1.jar:/home/randika/.m2/repository/org/wso2/orbit/org/apache/httpcomponents/httpclient/4.3.6.wso2v2/httpclient-4.3.6.wso2v2.jar:/home/randika/.m2/repository/org/wso2/orbit/com/lmax/disruptor/3.3.2.wso2v2/disruptor-3.3.2.wso2v2.jar:/home/randika/.m2/repository/org/wso2/carbon/analytics-common/org.wso2.carbon.databridge.commons.binary/5.2.26/org.wso2.carbon.databridge.commons.binary-5.2.26.jar:/home/randika/.m2/repository/org/apache/felix/org.apache.felix.scr.ds-annotations/1.2.4/org.apache.felix.scr.ds-annotations-1.2.4.jar:/home/randika/.m2/repository/org/wso2/carbon/apimgt/org.wso2.carbon.apimgt.statsupdate.stub/6.7.206/org.wso2.carbon.apimgt.statsupdate.stub-6.7.206.jar:/home/randika/.m2/repository/org/wso2/carbon/governance/org.wso2.carbon.governance.custom.lifecycles.checklist/4.8.19/org.wso2.carbon.governance.custom.lifecycles.checklist-4.8.19.jar:/home/randika/.m2/repository/org/wso2/carbon/identity/framework/org.wso2.carbon.user.mgt/5.14.67/org.wso2.carbon.user.mgt-5.14.67.jar:/home/randika/.m2/repository/au/com/bytecode/opencsv/wso2/opencsv/1.8.wso2v1/opencsv-1.8.wso2v1.jar:/home/randika/.m2/repository/org/wso2/carbon/apimgt/org.wso2.carbon.apimgt.tier.cache.stub/6.7.206/org.wso2.carbon.apimgt.tier.cache.stub-6.7.206.jar:/home/randika/.m2/repository/org/wso2/carbon/apimgt/org.wso2.carbon.apimgt.registry.cache.stub/6.7.206/org.wso2.carbon.apimgt.registry.cache.stub-6.7.206.jar:/home/randika/.m2/repository/org/apache/pdfbox/pdfbox/1.8.16/pdfbox-1.8.16.jar:/home/randika/.m2/repository/org/apache/pdfbox/fontbox/1.8.16/fontbox-1.8.16.jar:/home/randika/.m2/repository/org/apache/pdfbox/jempbox/1.8.16/jempbox-1.8.16.jar:/home/randika/.m2/repository/commons-logging/commons-logging/1.1.1/commons-logging-1.1.1.jar:/home/randika/.m2/repository/org/wso2/carbon/governance/org.wso2.carbon.governance.lcm/4.8.19/org.wso2.carbon.governance.lcm-4.8.19.jar:/home/randika/.m2/repository/org/wso2/carbon/event-processing/org.wso2.carbon.event.processor.stub/2.2.14/org.wso2.carbon.event.processor.stub-2.2.14.jar:/home/randika/.m2/repository/io/swagger/swagger-models/1.6.1/swagger-models-1.6.1.jar:/home/randika/.m2/repository/com/fasterxml/jackson/core/jackson-annotations/2.10.1/jackson-annotations-2.10.1.jar:/home/randika/.m2/repository/io/swagger/swagger-annotations/1.6.1/swagger-annotations-1.6.1.jar:/home/randika/.m2/repository/org/wso2/orbit/io/swagger/swagger-inflector/1.0.16.wso2v1/swagger-inflector-1.0.16.wso2v1.jar:/home/randika/.m2/repository/org/wso2/orbit/io/swagger/swagger-inflector-oas3/2.0.5.wso2v1/swagger-inflector-oas3-2.0.5.wso2v1.jar:/home/randika/.m2/repository/org/wso2/orbit/io/swagger/swagger-parser/1.0.51.wso2v1/swagger-parser-1.0.51.wso2v1.jar:/home/randika/.m2/repository/io/swagger/swagger-parser/1.0.51/swagger-parser-1.0.51.jar:/home/randika/.m2/repository/io/swagger/swagger-core/1.6.1/swagger-core-1.6.1.jar:/home/randika/.m2/repository/javax/validation/validation-api/1.1.0.Final/validation-api-1.1.0.Final.jar:/home/randika/.m2/repository/org/wso2/orbit/io/swagger/v3/swagger-parser/2.0.20.wso2v1/swagger-parser-2.0.20.wso2v1.jar:/home/randika/.m2/repository/io/swagger/parser/v3/swagger-parser/2.0.20/swagger-parser-2.0.20.jar:/home/randika/.m2/repository/io/swagger/parser/v3/swagger-parser-v2-converter/2.0.20/swagger-parser-v2-converter-2.0.20.jar:/home/randika/.m2/repository/io/swagger/swagger-compat-spec-parser/1.0.51/swagger-compat-spec-parser-1.0.51.jar:/home/randika/.m2/repository/com/github/java-json-tools/json-schema-validator/2.2.8/json-schema-validator-2.2.8.jar:/home/randika/.m2/repository/com/github/java-json-tools/json-schema-core/1.2.8/json-schema-core-1.2.8.jar:/home/randika/.m2/repository/com/github/fge/uri-template/0.9/uri-template-0.9.jar:/home/randika/.m2/repository/javax/mail/mailapi/1.4.3/mailapi-1.4.3.jar:/home/randika/.m2/repository/com/googlecode/libphonenumber/libphonenumber/8.0.0/libphonenumber-8.0.0.jar:/home/randika/.m2/repository/net/sf/jopt-simple/jopt-simple/5.0.3/jopt-simple-5.0.3.jar:/home/randika/.m2/repository/com/github/fge/json-patch/1.6/json-patch-1.6.jar:/home/randika/.m2/repository/com/github/fge/jackson-coreutils/1.6/jackson-coreutils-1.6.jar:/home/randika/.m2/repository/com/github/fge/msg-simple/1.1/msg-simple-1.1.jar:/home/randika/.m2/repository/com/github/fge/btf/1.2/btf-1.2.jar:/home/randika/.m2/repository/io/swagger/parser/v3/swagger-parser-core/2.0.20/swagger-parser-core-2.0.20.jar:/home/randika/.m2/repository/io/swagger/parser/v3/swagger-parser-v3/2.0.20/swagger-parser-v3-2.0.20.jar:/home/randika/.m2/repository/io/swagger/core/v3/swagger-models/2.1.2/swagger-models-2.1.2.jar:/home/randika/.m2/repository/io/swagger/core/v3/swagger-core/2.1.2/swagger-core-2.1.2.jar:/home/randika/.m2/repository/jakarta/xml/bind/jakarta.xml.bind-api/2.3.2/jakarta.xml.bind-api-2.3.2.jar:/home/randika/.m2/repository/jakarta/activation/jakarta.activation-api/1.2.1/jakarta.activation-api-1.2.1.jar:/home/randika/.m2/repository/com/fasterxml/jackson/core/jackson-databind/2.10.1/jackson-databind-2.10.1.jar:/home/randika/.m2/repository/com/fasterxml/jackson/datatype/jackson-datatype-jsr310/2.10.1/jackson-datatype-jsr310-2.10.1.jar:/home/randika/.m2/repository/io/swagger/core/v3/swagger-annotations/2.1.2/swagger-annotations-2.1.2.jar:/home/randika/.m2/repository/jakarta/validation/jakarta.validation-api/2.0.2/jakarta.validation-api-2.0.2.jar:/home/randika/.m2/repository/com/fasterxml/jackson/datatype/jackson-datatype-guava/2.10.3/jackson-datatype-guava-2.10.3.jar:/home/randika/.m2/repository/com/fasterxml/jackson/core/jackson-core/2.10.3/jackson-core-2.10.3.jar:/home/randika/.m2/repository/org/slf4j/slf4j-ext/1.7.29/slf4j-ext-1.7.29.jar:/home/randika/.m2/repository/org/wso2/orbit/org/openapitools/openapi-generator/4.3.1.wso2v1/openapi-generator-4.3.1.wso2v1.jar:/home/randika/.m2/repository/org/openapitools/openapi-generator/4.3.1/openapi-generator-4.3.1.jar:/home/randika/.m2/repository/com/samskivert/jmustache/1.14/jmustache-1.14.jar:/home/randika/.m2/repository/com/github/jknack/handlebars/4.1.2/handlebars-4.1.2.jar:/home/randika/.m2/repository/com/github/jknack/handlebars-jackson2/4.1.2/handlebars-jackson2-4.1.2.jar:/home/randika/.m2/repository/com/atlassian/commonmark/commonmark/0.11.0/commonmark-0.11.0.jar:/home/randika/.m2/repository/com/github/mifmif/generex/1.0.2/generex-1.0.2.jar:/home/randika/.m2/repository/dk/brics/automaton/automaton/1.11-8/automaton-1.11-8.jar:/home/randika/.m2/repository/com/fasterxml/jackson/datatype/jackson-datatype-joda/2.10.1/jackson-datatype-joda-2.10.1.jar:/home/randika/.m2/repository/com/github/joschi/jackson/jackson-datatype-threetenbp/2.10.0/jackson-datatype-threetenbp-2.10.0.jar:/home/randika/.m2/repository/org/threeten/threetenbp/1.4.0/threetenbp-1.4.0.jar:/home/randika/.m2/repository/org/openapitools/openapi-generator-core/4.3.1/openapi-generator-core-4.3.1.jar:/home/randika/.m2/repository/net/java/dev/jna/jna/5.5.0/jna-5.5.0.jar:/home/randika/.m2/repository/com/github/ben-manes/caffeine/caffeine/2.8.1/caffeine-2.8.1.jar:/home/randika/.m2/repository/commons-io/commons-io/2.4/commons-io-2.4.jar:/home/randika/.m2/repository/xerces/wso2/xercesImpl/2.8.1.wso2v2/xercesImpl-2.8.1.wso2v2.jar:/home/randika/.m2/repository/org/wso2/carbon/identity/framework/org.wso2.carbon.identity.user.profile.stub/5.17.5/org.wso2.carbon.identity.user.profile.stub-5.17.5.jar:/home/randika/.m2/repository/org/wso2/carbon/identity/framework/org.wso2.carbon.identity.user.registration.stub/5.17.5/org.wso2.carbon.identity.user.registration.stub-5.17.5.jar:/home/randika/.m2/repository/com/fasterxml/jackson/dataformat/jackson-dataformat-yaml/2.10.3/jackson-dataformat-yaml-2.10.3.jar:/home/randika/.m2/repository/org/yaml/snakeyaml/1.24/snakeyaml-1.24.jar:/home/randika/.m2/repository/org/aspectj/aspectjrt/1.9.4/aspectjrt-1.9.4.jar:/home/randika/.m2/repository/org/wso2/carbon/apimgt/org.wso2.carbon.apimgt.localentry.stub/6.7.206/org.wso2.carbon.apimgt.localentry.stub-6.7.206.jar:/home/randika/.m2/repository/org/wso2/orbit/graphQL/graphQL/13.0.wso2v2/graphQL-13.0.wso2v2.jar:/home/randika/.m2/repository/com/graphql-java/graphql-java/13.0/graphql-java-13.0.jar:/home/randika/.m2/repository/org/antlr/antlr4-runtime/4.7/antlr4-runtime-4.7.jar:/home/randika/.m2/repository/org/reactivestreams/reactive-streams/1.0.2/reactive-streams-1.0.2.jar:/home/randika/.m2/repository/com/graphql-java/java-dataloader/2.1.0/java-dataloader-2.1.0.jar:/home/randika/.m2/repository/org/wso2/orbit/io/fabric8/kubernetes-client/4.6.4.wso2v1/kubernetes-client-4.6.4.wso2v1.jar:/home/randika/.m2/repository/io/fabric8/openshift-client/4.5.2/openshift-client-4.5.2.jar:/home/randika/.m2/repository/io/fabric8/kubernetes-client/4.5.2/kubernetes-client-4.5.2.jar:/home/randika/.m2/repository/io/fabric8/kubernetes-model/4.5.2/kubernetes-model-4.5.2.jar:/home/randika/.m2/repository/io/fabric8/kubernetes-model-common/4.5.2/kubernetes-model-common-4.5.2.jar:/home/randika/.m2/repository/com/fasterxml/jackson/module/jackson-module-jaxb-annotations/2.9.9/jackson-module-jaxb-annotations-2.9.9.jar:/home/randika/.m2/repository/com/squareup/okhttp3/logging-interceptor/3.12.0/logging-interceptor-3.12.0.jar:/home/randika/.m2/repository/io/fabric8/zjsonpatch/0.3.0/zjsonpatch-0.3.0.jar:/home/randika/.m2/repository/org/wso2/orbit/com/squareup/okio/okio/2.4.0.wso2v1/okio-2.4.0.wso2v1.jar:/home/randika/.m2/repository/org/jetbrains/kotlin/kotlin-stdlib/1.3.50/kotlin-stdlib-1.3.50.jar:/home/randika/.m2/repository/org/jetbrains/annotations/13.0/annotations-13.0.jar:/home/randika/.m2/repository/org/jetbrains/kotlin/kotlin-stdlib-common/1.3.50/kotlin-stdlib-common-1.3.50.jar:/home/randika/.m2/repository/org/wso2/orbit/org/apache/commons/commons-compress/1.18.0.wso2v1/commons-compress-1.18.0.wso2v1.jar:/home/randika/.m2/repository/org/wso2/orbit/com/squareup/okhttp/okhttp/4.2.0.wso2v1/okhttp-4.2.0.wso2v1.jar:/home/randika/.m2/repository/org/wso2/carbon/identity/framework/org.wso2.carbon.user.mgt.common/5.17.5/org.wso2.carbon.user.mgt.common-5.17.5.jar:/home/randika/.m2/repository/org/wso2/orbit/com/fasterxml/jackson/core/jackson-annotations/2.9.8.wso2v1/jackson-annotations-2.9.8.wso2v1.jar:/home/randika/.m2/repository/org/wso2/carbon/analytics-common/org.wso2.carbon.event.stream.core/5.2.26/org.wso2.carbon.event.stream.core-5.2.26.jar:/home/randika/.m2/repository/org/wso2/siddhi/siddhi-core/3.2.3/siddhi-core-3.2.3.jar:/home/randika/.m2/repository/org/wso2/siddhi/siddhi-query-api/3.2.3/siddhi-query-api-3.2.3.jar:/home/randika/.m2/repository/org/wso2/siddhi/siddhi-query-compiler/3.2.3/siddhi-query-compiler-3.2.3.jar:/home/randika/.m2/repository/org/mvel/mvel2/2.2.1.Final/mvel2-2.2.1.Final.jar:/home/randika/.m2/repository/org/apache/log4j/wso2/log4j/1.2.17.wso2v1/log4j-1.2.17.wso2v1.jar:/home/randika/.m2/repository/log4j/log4j/1.2.17/log4j-1.2.17.jar:/home/randika/.m2/repository/org/quartz-scheduler/wso2/quartz/2.1.1.wso2v1/quartz-2.1.1.wso2v1.jar:/home/randika/.m2/repository/org/quartz-scheduler/quartz/2.1.1/quartz-2.1.1.jar:/home/randika/.m2/repository/c3p0/c3p0/0.9.1.1/c3p0-0.9.1.1.jar:/home/randika/.m2/repository/io/dropwizard/metrics/metrics-core/3.1.0/metrics-core-3.1.0.jar:/home/randika/.m2/repository/org/wso2/carbon/analytics-common/org.wso2.carbon.event.application.deployer/5.2.26/org.wso2.carbon.event.application.deployer-5.2.26.jar:/home/randika/.m2/repository/org/wso2/carbon/org.wso2.carbon.application.deployer/4.5.3/org.wso2.carbon.application.deployer-4.5.3.jar:/home/randika/.m2/repository/org/wso2/carbon/org.wso2.carbon.roles.mgt/4.5.3/org.wso2.carbon.roles.mgt-4.5.3.jar:/home/randika/.m2/repository/org/projectlombok/lombok/1.18.24/lombok-1.18.24.jar:/home/randika/.m2/repository/com/google/code/gson/gson/2.9.1/gson-2.9.1.jar:/home/randika/.m2/repository/io/github/openfeign/feign-core/11.9.1/feign-core-11.9.1.jar:/home/randika/.m2/repository/io/github/openfeign/feign-gson/11.9.1/feign-gson-11.9.1.jar:/home/randika/.m2/repository/io/github/openfeign/feign-okhttp/11.9.1/feign-okhttp-11.9.1.jar:/home/randika/.m2/repository/com/squareup/okhttp3/okhttp/4.10.0/okhttp-4.10.0.jar:/home/randika/.m2/repository/com/squareup/okio/okio-jvm/3.0.0/okio-jvm-3.0.0.jar:/home/randika/.m2/repository/org/jetbrains/kotlin/kotlin-stdlib-jdk8/1.5.31/kotlin-stdlib-jdk8-1.5.31.jar:/home/randika/.m2/repository/org/jetbrains/kotlin/kotlin-stdlib-jdk7/1.5.31/kotlin-stdlib-jdk7-1.5.31.jar:/home/randika/.m2/repository/io/github/openfeign/feign-slf4j/11.9.1/feign-slf4j-11.9.1.jar:/home/randika/.m2/repository/org/slf4j/slf4j-api/1.7.36/slf4j-api-1.7.36.jar:/home/randika/.m2/repository/org/junit/jupiter/junit-jupiter-engine/5.9.0/junit-jupiter-engine-5.9.0.jar:/home/randika/.m2/repository/org/junit/platform/junit-platform-engine/1.9.0/junit-platform-engine-1.9.0.jar:/home/randika/.m2/repository/org/opentest4j/opentest4j/1.2.0/opentest4j-1.2.0.jar:/home/randika/.m2/repository/org/junit/platform/junit-platform-commons/1.9.0/junit-platform-commons-1.9.0.jar:/home/randika/.m2/repository/org/junit/jupiter/junit-jupiter-api/5.9.0/junit-jupiter-api-5.9.0.jar:/home/randika/.m2/repository/org/apiguardian/apiguardian-api/1.1.2/apiguardian-api-1.1.2.jar:/home/randika/.m2/repository/org/mockito/mockito-inline/4.7.0/mockito-inline-4.7.0.jar:/home/randika/.m2/repository/org/mockito/mockito-core/4.7.0/mockito-core-4.7.0.jar:/home/randika/.m2/repository/net/bytebuddy/byte-buddy/1.12.13/byte-buddy-1.12.13.jar:/home/randika/.m2/repository/net/bytebuddy/byte-buddy-agent/1.12.13/byte-buddy-agent-1.12.13.jar:/home/randika/.m2/repository/org/objenesis/objenesis/3.2/objenesis-3.2.jar:/home/randika/.m2/repository/org/mockito/mockito-junit-jupiter/4.7.0/mockito-junit-jupiter-4.7.0.jar:"/>
    <property name="java.vm.vendor" value="Oracle Corporation"/>
    <property name="sun.arch.data.model" value="64"/>
    <property name="java.vendor.url" value="http://java.oracle.com/"/>
    <property name="user.timezone" value="Asia/Colombo"/>
    <property name="java.vm.specification.version" value="1.8"/>
    <property name="os.name" value="Linux"/>
    <property name="user.country" value="US"/>
    <property name="sun.java.launcher" value="SUN_STANDARD"/>
    <property name="sun.boot.library.path" value="/home/randika/.sdkman/candidates/java/8.0.265-open/jre/lib/amd64"/>
    <property name="sun.java.command" value="/home/randika/Documents/projects/apim-km-azure-ad/components/azure.key.manager/target/surefire/surefirebooter-20220902102012996_3.jar /home/randika/Documents/projects/apim-km-azure-ad/components/azure.key.manager/target/surefire 2022-09-02T10-20-12_786-jvmRun1 surefire-20220902102012996_1tmp surefire_0-20220902102012996_2tmp"/>
    <property name="surefire.test.class.path" value="/home/randika/Documents/projects/apim-km-azure-ad/components/azure.key.manager/target/test-classes:/home/randika/Documents/projects/apim-km-azure-ad/components/azure.key.manager/target/classes:/home/randika/.m2/repository/com/googlecode/json-simple/json-simple/1.1/json-simple-1.1.jar:/home/randika/.m2/repository/org/wso2/carbon/apimgt/org.wso2.carbon.apimgt.impl/6.7.206/org.wso2.carbon.apimgt.impl-6.7.206.jar:/home/randika/.m2/repository/org/wso2/carbon/analytics-common/org.wso2.carbon.event.output.adapter.core/5.2.26/org.wso2.carbon.event.output.adapter.core-5.2.26.jar:/home/randika/.m2/repository/xerces/xercesImpl/2.11.0/xercesImpl-2.11.0.jar:/home/randika/.m2/repository/org/testng/testng/6.11/testng-6.11.jar:/home/randika/.m2/repository/com/beust/jcommander/1.64/jcommander-1.64.jar:/home/randika/.m2/repository/org/wso2/carbon/analytics-common/org.wso2.carbon.event.output.adapter.email/5.2.26/org.wso2.carbon.event.output.adapter.email-5.2.26.jar:/home/randika/.m2/repository/org/apache/axis2/transport/axis2-transport-mail/2.0.0-wso2v42/axis2-transport-mail-2.0.0-wso2v42.jar:/home/randika/.m2/repository/org/apache/axis2/axis2-transport-base/1.6.1-wso2v40/axis2-transport-base-1.6.1-wso2v40.jar:/home/randika/.m2/repository/org/apache/axis2/axis2-kernel/1.6.1-wso2v40/axis2-kernel-1.6.1-wso2v40.jar:/home/randika/.m2/repository/org/apache/geronimo/specs/geronimo-ws-metadata_2.0_spec/1.1.2/geronimo-ws-metadata_2.0_spec-1.1.2.jar:/home/randika/.m2/repository/org/apache/neethi/neethi/2.0.4/neethi-2.0.4.jar:/home/randika/.m2/repository/javax/ws/rs/jsr311-api/1.0/jsr311-api-1.0.jar:/home/randika/.m2/repository/org/ops4j/pax/logging/pax-logging-api/1.10.1/pax-logging-api-1.10.1.jar:/home/randika/.m2/repository/org/wso2/carbon/analytics-common/org.wso2.carbon.event.output.adapter.sms/5.2.26/org.wso2.carbon.event.output.adapter.sms-5.2.26.jar:/home/randika/.m2/repository/com/google/guava/guava/27.0-jre/guava-27.0-jre.jar:/home/randika/.m2/repository/com/google/guava/failureaccess/1.0/failureaccess-1.0.jar:/home/randika/.m2/repository/com/google/guava/listenablefuture/9999.0-empty-to-avoid-conflict-with-guava/listenablefuture-9999.0-empty-to-avoid-conflict-with-guava.jar:/home/randika/.m2/repository/com/google/code/findbugs/jsr305/3.0.2/jsr305-3.0.2.jar:/home/randika/.m2/repository/org/checkerframework/checker-qual/2.5.2/checker-qual-2.5.2.jar:/home/randika/.m2/repository/com/google/errorprone/error_prone_annotations/2.2.0/error_prone_annotations-2.2.0.jar:/home/randika/.m2/repository/com/google/j2objc/j2objc-annotations/1.1/j2objc-annotations-1.1.jar:/home/randika/.m2/repository/org/codehaus/mojo/animal-sniffer-annotations/1.17/animal-sniffer-annotations-1.17.jar:/home/randika/.m2/repository/org/apache/woden/wso2/woden/1.0.0.M9-wso2v1/woden-1.0.0.M9-wso2v1.jar:/home/randika/.m2/repository/org/apache/woden/woden-all/1.0.0.M9-wso2v1/woden-all-1.0.0.M9-wso2v1.jar:/home/randika/.m2/repository/org/apache/woden/woden-api/1.0M9/woden-api-1.0M9.jar:/home/randika/.m2/repository/org/apache/woden/woden-impl-dom/1.0M9/woden-impl-dom-1.0M9.jar:/home/randika/.m2/repository/org/apache/woden/woden-impl-commons/1.0M9/woden-impl-commons-1.0M9.jar:/home/randika/.m2/repository/org/wso2/carbon/org.wso2.carbon.user.core/4.6.0/org.wso2.carbon.user.core-4.6.0.jar:/home/randika/.m2/repository/org/wso2/carbon/javax.cache.wso2/4.6.0/javax.cache.wso2-4.6.0.jar:/home/randika/.m2/repository/org/apache/geronimo/specs/geronimo-jta_1.1_spec/1.1/geronimo-jta_1.1_spec-1.1.jar:/home/randika/.m2/repository/commons-lang/wso2/commons-lang/2.6.0.wso2v1/commons-lang-2.6.0.wso2v1.jar:/home/randika/.m2/repository/org/wso2/carbon/org.wso2.carbon.user.api/4.6.0/org.wso2.carbon.user.api-4.6.0.jar:/home/randika/.m2/repository/commons-dbcp/wso2/commons-dbcp/1.4.0.wso2v1/commons-dbcp-1.4.0.wso2v1.jar:/home/randika/.m2/repository/org/wso2/orbit/org/apache/tomcat/jdbc-pool/9.0.16.wso2v1/jdbc-pool-9.0.16.wso2v1.jar:/home/randika/.m2/repository/org/wso2/securevault/org.wso2.securevault/1.1.3/org.wso2.securevault-1.1.3.jar:/home/randika/.m2/repository/jline/jline/0.9.94/jline-0.9.94.jar:/home/randika/.m2/repository/commons-cli/commons-cli/1.0/commons-cli-1.0.jar:/home/randika/.m2/repository/org/wso2/orbit/commons-collections/commons-collections/3.2.2.wso2v1/commons-collections-3.2.2.wso2v1.jar:/home/randika/.m2/repository/org/osgi/org.osgi.service.component.annotations/1.3.0/org.osgi.service.component.annotations-1.3.0.jar:/home/randika/.m2/repository/org/osgi/org.osgi.annotation/6.0.0/org.osgi.annotation-6.0.0.jar:/home/randika/.m2/repository/org/osgi/org.osgi.service.metatype.annotations/1.3.0/org.osgi.service.metatype.annotations-1.3.0.jar:/home/randika/.m2/repository/org/wso2/carbon/governance/org.wso2.carbon.governance.api/4.8.19/org.wso2.carbon.governance.api-4.8.19.jar:/home/randika/.m2/repository/com/ibm/icu/icu4j/3.8/icu4j-3.8.jar:/home/randika/.m2/repository/org/eclipse/equinox/org.eclipse.equinox.registry/3.5.100.v20110502/org.eclipse.equinox.registry-3.5.100.v20110502.jar:/home/randika/.m2/repository/org/wso2/carbon/org.wso2.carbon.registry.core/4.5.0/org.wso2.carbon.registry.core-4.5.0.jar:/home/randika/.m2/repository/commons-io/wso2/commons-io/2.4.0.wso2v1/commons-io-2.4.0.wso2v1.jar:/home/randika/.m2/repository/net/sourceforge/findbugs/annotations/1.3.2/annotations-1.3.2.jar:/home/randika/.m2/repository/org/apache/ws/commons/schema/wso2/XmlSchema/1.4.7.wso2v6/XmlSchema-1.4.7.wso2v6.jar:/home/randika/.m2/repository/org/wso2/carbon/org.wso2.carbon.registry.xboot/4.5.0/org.wso2.carbon.registry.xboot-4.5.0.jar:/home/randika/.m2/repository/org/compass-project/wso2/compass/2.0.1.wso2v2/compass-2.0.1.wso2v2.jar:/home/randika/.m2/repository/org/apache/abdera/wso2/abdera/1.0.0.wso2v3/abdera-1.0.0.wso2v3.jar:/home/randika/.m2/repository/eclipse/validateutility/0.95/validateutility-0.95.jar:/home/randika/.m2/repository/org/apache/ws/commons/axiom/axiom-api/1.2.11-wso2v16/axiom-api-1.2.11-wso2v16.jar:/home/randika/.m2/repository/org/apache/geronimo/specs/geronimo-activation_1.1_spec/1.1/geronimo-activation_1.1_spec-1.1.jar:/home/randika/.m2/repository/org/apache/geronimo/specs/geronimo-javamail_1.4_spec/1.7.1/geronimo-javamail_1.4_spec-1.7.1.jar:/home/randika/.m2/repository/org/apache/geronimo/specs/geronimo-stax-api_1.0_spec/1.0.1/geronimo-stax-api_1.0_spec-1.0.1.jar:/home/randika/.m2/repository/org/apache/ws/commons/axiom/axiom-impl/1.2.11-wso2v16/axiom-impl-1.2.11-wso2v16.jar:/home/randika/.m2/repository/org/apache/commons/commons-text/1.6/commons-text-1.6.jar:/home/randika/.m2/repository/org/wso2/carbon/registry/org.wso2.carbon.registry.extensions/4.7.34/org.wso2.carbon.registry.extensions-4.7.34.jar:/home/randika/.m2/repository/org/wso2/orbit/xalan/xalan/2.7.2.wso2v2/xalan-2.7.2.wso2v2.jar:/home/randika/.m2/repository/org/wso2/carbon/registry/org.wso2.carbon.registry.uddi/4.7.34/org.wso2.carbon.registry.uddi-4.7.34.jar:/home/randika/.m2/repository/org/apache/juddi/juddi-core/3.1.5.wso2v1/juddi-core-3.1.5.wso2v1.jar:/home/randika/.m2/repository/org/apache/juddi/uddi-ws/3.1.5.wso2v1/uddi-ws-3.1.5.wso2v1.jar:/home/randika/.m2/repository/org/apache/juddi/uddi-tck-base/3.1.5.wso2v1/uddi-tck-base-3.1.5.wso2v1.jar:/home/randika/.m2/repository/xmlunit/xmlunit/1.3/xmlunit-1.3.jar:/home/randika/.m2/repository/commons-configuration/commons-configuration/1.6/commons-configuration-1.6.jar:/home/randika/.m2/repository/commons-beanutils/commons-beanutils-core/1.8.0/commons-beanutils-core-1.8.0.jar:/home/randika/.m2/repository/javax/persistence/persistence-api/1.0/persistence-api-1.0.jar:/home/randika/.m2/repository/org/hibernate/hibernate/3.2.5.ga/hibernate-3.2.5.ga.jar:/home/randika/.m2/repository/net/sf/ehcache/ehcache/1.2.3/ehcache-1.2.3.jar:/home/randika/.m2/repository/javax/transaction/jta/1.0.1B/jta-1.0.1B.jar:/home/randika/.m2/repository/asm/asm-attrs/1.5.3/asm-attrs-1.5.3.jar:/home/randika/.m2/repository/antlr/antlr/2.7.6/antlr-2.7.6.jar:/home/randika/.m2/repository/org/hibernate/hibernate-entitymanager/3.3.1.ga/hibernate-entitymanager-3.3.1.ga.jar:/home/randika/.m2/repository/org/hibernate/hibernate-annotations/3.3.0.ga/hibernate-annotations-3.3.0.ga.jar:/home/randika/.m2/repository/org/hibernate/hibernate-commons-annotations/3.0.0.ga/hibernate-commons-annotations-3.0.0.ga.jar:/home/randika/.m2/repository/org/hibernate/hibernate-validator/3.0.0.ga/hibernate-validator-3.0.0.ga.jar:/home/randika/.m2/repository/jboss/jboss-common-core/2.0.4.GA/jboss-common-core-2.0.4.GA.jar:/home/randika/.m2/repository/cglib/cglib-nodep/2.1_3/cglib-nodep-2.1_3.jar:/home/randika/.m2/repository/commons-logging/commons-logging-api/1.1/commons-logging-api-1.1.jar:/home/randika/.m2/repository/org/apache/juddi/juddi-client/3.1.5.wso2v1/juddi-client-3.1.5.wso2v1.jar:/home/randika/.m2/repository/org/apache/geronimo/specs/geronimo-jpa_2.0_spec/1.0/geronimo-jpa_2.0_spec-1.0.jar:/home/randika/.m2/repository/org/apache/openjpa/openjpa/2.2.0-wso2v1/openjpa-2.2.0-wso2v1.jar:/home/randika/.m2/repository/net/sourceforge/serp/serp/1.13.1/serp-1.13.1.jar:/home/randika/.m2/repository/asm/asm/3.2/asm-3.2.jar:/home/randika/.m2/repository/org/wso2/orbit/wadl/core/wadl-core/1.1.6.wso2v1/wadl-core-1.1.6.wso2v1.jar:/home/randika/.m2/repository/org/jvnet/ws/wadl/wadl-core/1.1.6/wadl-core-1.1.6.jar:/home/randika/.m2/repository/org/glassfish/jersey/core/jersey-common/2.5.1/jersey-common-2.5.1.jar:/home/randika/.m2/repository/javax/ws/rs/javax.ws.rs-api/2.0/javax.ws.rs-api-2.0.jar:/home/randika/.m2/repository/javax/annotation/javax.annotation-api/1.2/javax.annotation-api-1.2.jar:/home/randika/.m2/repository/org/glassfish/hk2/hk2-api/2.2.0-b21/hk2-api-2.2.0-b21.jar:/home/randika/.m2/repository/org/glassfish/hk2/hk2-utils/2.2.0-b21/hk2-utils-2.2.0-b21.jar:/home/randika/.m2/repository/org/glassfish/hk2/external/javax.inject/2.2.0-b21/javax.inject-2.2.0-b21.jar:/home/randika/.m2/repository/org/glassfish/hk2/hk2-locator/2.2.0-b21/hk2-locator-2.2.0-b21.jar:/home/randika/.m2/repository/org/glassfish/hk2/external/asm-all-repackaged/2.2.0-b21/asm-all-repackaged-2.2.0-b21.jar:/home/randika/.m2/repository/org/glassfish/hk2/external/cglib/2.2.0-b21/cglib-2.2.0-b21.jar:/home/randika/.m2/repository/org/glassfish/hk2/osgi-resource-locator/1.0.1/osgi-resource-locator-1.0.1.jar:/home/randika/.m2/repository/org/jsonschema2pojo/jsonschema2pojo-core/0.4.0/jsonschema2pojo-core-0.4.0.jar:/home/randika/.m2/repository/org/jvnet/ws/wadl/wadl-xslt/1.1.6/wadl-xslt-1.1.6.jar:/home/randika/.m2/repository/com/googlecode/jsonschema2pojo/jsonschema2pojo-core/0.3.4/jsonschema2pojo-core-0.3.4.jar:/home/randika/.m2/repository/org/codehaus/jackson/jackson-mapper-asl/1.9.9/jackson-mapper-asl-1.9.9.jar:/home/randika/.m2/repository/org/codehaus/jackson/jackson-core-asl/1.9.9/jackson-core-asl-1.9.9.jar:/home/randika/.m2/repository/com/sun/codemodel/codemodel/2.4.1/codemodel-2.4.1.jar:/home/randika/.m2/repository/com/sun/localizer/localizer/1.0/localizer-1.0.jar:/home/randika/.m2/repository/com/sun/localizer/comresrcgen/1.0/comresrcgen-1.0.jar:/home/randika/.m2/repository/com/sun/jersey/jersey-client/1.12/jersey-client-1.12.jar:/home/randika/.m2/repository/com/sun/jersey/jersey-core/1.12/jersey-core-1.12.jar:/home/randika/.m2/repository/com/sun/jersey/jersey-server/1.12/jersey-server-1.12.jar:/home/randika/.m2/repository/com/sun/xml/bind/jaxb-impl/2.2.6/jaxb-impl-2.2.6.jar:/home/randika/.m2/repository/com/sun/xml/bind/jaxb-xjc/2.2.6/jaxb-xjc-2.2.6.jar:/home/randika/.m2/repository/org/eclipse/core/org.eclipse.core.runtime/3.5.0.v20090429-1800/org.eclipse.core.runtime-3.5.0.v20090429-1800.jar:/home/randika/.m2/repository/org/wso2/carbon/org.wso2.carbon.registry.server/4.5.3/org.wso2.carbon.registry.server-4.5.3.jar:/home/randika/.m2/repository/org/apache/maven/scm/wso2/maven-scm/1.7.0.wso2v1/maven-scm-1.7.0.wso2v1.jar:/home/randika/.m2/repository/org/apache/maven/scm/maven-scm-provider-svnexe/1.7.0-wso2v1/maven-scm-provider-svnexe-1.7.0-wso2v1.jar:/home/randika/.m2/repository/org/apache/maven/scm/maven-scm-api/1.7/maven-scm-api-1.7.jar:/home/randika/.m2/repository/org/apache/maven/scm/maven-scm-manager-plexus/1.7/maven-scm-manager-plexus-1.7.jar:/home/randika/.m2/repository/org/codehaus/plexus/plexus-container-default/1.0-alpha-9/plexus-container-default-1.0-alpha-9.jar:/home/randika/.m2/repository/classworlds/classworlds/1.1-alpha-2/classworlds-1.1-alpha-2.jar:/home/randika/.m2/repository/org/apache/maven/scm/maven-scm-provider-svn-commons/1.7/maven-scm-provider-svn-commons-1.7.jar:/home/randika/.m2/repository/regexp/regexp/1.3/regexp-1.3.jar:/home/randika/.m2/repository/org/codehaus/plexus/plexus-utils/2.0.5/plexus-utils-2.0.5.jar:/home/randika/.m2/repository/org/apache/maven/scm/maven-scm-client/1.7/maven-scm-client-1.7.jar:/home/randika/.m2/repository/org/apache/maven/scm/maven-scm-provider-accurev/1.7/maven-scm-provider-accurev-1.7.jar:/home/randika/.m2/repository/org/apache/maven/scm/maven-scm-provider-bazaar/1.7/maven-scm-provider-bazaar-1.7.jar:/home/randika/.m2/repository/org/apache/maven/scm/maven-scm-provider-clearcase/1.7/maven-scm-provider-clearcase-1.7.jar:/home/randika/.m2/repository/org/apache/maven/scm/maven-scm-provider-cvsexe/1.7/maven-scm-provider-cvsexe-1.7.jar:/home/randika/.m2/repository/org/apache/maven/scm/maven-scm-provider-cvs-commons/1.7/maven-scm-provider-cvs-commons-1.7.jar:/home/randika/.m2/repository/org/apache/maven/scm/maven-scm-provider-cvsjava/1.7/maven-scm-provider-cvsjava-1.7.jar:/home/randika/.m2/repository/org/netbeans/lib/cvsclient/20060125/cvsclient-20060125.jar:/home/randika/.m2/repository/ch/ethz/ganymed/ganymed-ssh2/build210/ganymed-ssh2-build210.jar:/home/randika/.m2/repository/org/apache/maven/scm/maven-scm-provider-gitexe/1.7/maven-scm-provider-gitexe-1.7.jar:/home/randika/.m2/repository/org/apache/maven/scm/maven-scm-provider-git-commons/1.7/maven-scm-provider-git-commons-1.7.jar:/home/randika/.m2/repository/org/apache/maven/scm/maven-scm-provider-hg/1.7/maven-scm-provider-hg-1.7.jar:/home/randika/.m2/repository/org/apache/maven/scm/maven-scm-provider-jazz/1.7/maven-scm-provider-jazz-1.7.jar:/home/randika/.m2/repository/org/apache/maven/scm/maven-scm-provider-local/1.7/maven-scm-provider-local-1.7.jar:/home/randika/.m2/repository/org/apache/maven/scm/maven-scm-provider-perforce/1.7/maven-scm-provider-perforce-1.7.jar:/home/randika/.m2/repository/org/apache/maven/scm/maven-scm-provider-starteam/1.7/maven-scm-provider-starteam-1.7.jar:/home/randika/.m2/repository/org/apache/maven/scm/maven-scm-provider-synergy/1.7/maven-scm-provider-synergy-1.7.jar:/home/randika/.m2/repository/org/apache/maven/scm/maven-scm-provider-vss/1.7/maven-scm-provider-vss-1.7.jar:/home/randika/.m2/repository/org/apache/maven/scm/maven-scm-provider-tfs/1.7/maven-scm-provider-tfs-1.7.jar:/home/randika/.m2/repository/org/apache/juddi/wso2/juddi/3.1.5.wso2v1/juddi-3.1.5.wso2v1.jar:/home/randika/.m2/repository/org/wso2/carbon/registry/org.wso2.carbon.registry.common/4.7.34/org.wso2.carbon.registry.common-4.7.34.jar:/home/randika/.m2/repository/commons-beanutils/wso2/commons-beanutils/1.8.0.wso2v1/commons-beanutils-1.8.0.wso2v1.jar:/home/randika/.m2/repository/org/wso2/carbon/org.wso2.carbon.feature.mgt.services/4.5.3/org.wso2.carbon.feature.mgt.services-4.5.3.jar:/home/randika/.m2/repository/org/wso2/carbon/org.wso2.carbon.feature.mgt.core/4.5.3/org.wso2.carbon.feature.mgt.core-4.5.3.jar:/home/randika/.m2/repository/org/wso2/eclipse/equinox/org.eclipse.equinox.p2.artifact.repository/1.1.300.v20131211-1531/org.eclipse.equinox.p2.artifact.repository-1.1.300.v20131211-1531.jar:/home/randika/.m2/repository/org/wso2/eclipse/equinox/org.eclipse.equinox.p2.director/2.3.100.v20140224-1921/org.eclipse.equinox.p2.director-2.3.100.v20140224-1921.jar:/home/randika/.m2/repository/org/wso2/eclipse/equinox/org.eclipse.equinox.p2.metadata.repository/1.2.100.v20131209-2144/org.eclipse.equinox.p2.metadata.repository-1.2.100.v20131209-2144.jar:/home/randika/.m2/repository/org/wso2/eclipse/equinox/org.eclipse.equinox.simpleconfigurator/1.1.200.v20160504-1450/org.eclipse.equinox.simpleconfigurator-1.1.200.v20160504-1450.jar:/home/randika/.m2/repository/org/wso2/eclipse/equinox/org.eclipse.equinox.p2.core/2.3.0.v20131211-1531/org.eclipse.equinox.p2.core-2.3.0.v20131211-1531.jar:/home/randika/.m2/repository/org/wso2/eclipse/equinox/org.eclipse.equinox.p2.engine/2.3.0.v20140506-1720/org.eclipse.equinox.p2.engine-2.3.0.v20140506-1720.jar:/home/randika/.m2/repository/org/wso2/eclipse/equinox/org.eclipse.equinox.p2.metadata/2.2.0.v20131211-1531/org.eclipse.equinox.p2.metadata-2.2.0.v20131211-1531.jar:/home/randika/.m2/repository/org/wso2/eclipse/equinox/org.eclipse.equinox.p2.repository/2.3.0.v20131211-1531/org.eclipse.equinox.p2.repository-2.3.0.v20131211-1531.jar:/home/randika/.m2/repository/org/wso2/eclipse/equinox/org.eclipse.equinox.common/3.8.0.v20160509-1230/org.eclipse.equinox.common-3.8.0.v20160509-1230.jar:/home/randika/.m2/repository/org/wso2/orbit/org/owasp/encoder/encoder/1.2.0.wso2v1/encoder-1.2.0.wso2v1.jar:/home/randika/.m2/repository/org/wso2/carbon/registry/org.wso2.carbon.registry.admin.api/4.7.34/org.wso2.carbon.registry.admin.api-4.7.34.jar:/home/randika/.m2/repository/org/wso2/carbon/commons/org.wso2.carbon.ntask.core/4.7.19/org.wso2.carbon.ntask.core-4.7.19.jar:/home/randika/.m2/repository/org/wso2/carbon/commons/org.wso2.carbon.ntask.common/4.7.19/org.wso2.carbon.ntask.common-4.7.19.jar:/home/randika/.m2/repository/org/wso2/carbon/commons/org.wso2.carbon.remote-tasks.stub/4.7.19/org.wso2.carbon.remote-tasks.stub-4.7.19.jar:/home/randika/.m2/repository/org/wso2/carbon/registry/org.wso2.carbon.registry.ws.client/4.7.35/org.wso2.carbon.registry.ws.client-4.7.35.jar:/home/randika/.m2/repository/org/apache/axis2/wso2/axis2/1.6.1-wso2v40/axis2-1.6.1-wso2v40.jar:/home/randika/.m2/repository/org/apache/rampart/rampart-core/1.6.1-wso2v41/rampart-core-1.6.1-wso2v41.jar:/home/randika/.m2/repository/org/apache/axis2/axis2-mtompolicy/1.6.1-wso2v37/axis2-mtompolicy-1.6.1-wso2v37.jar:/home/randika/.m2/repository/org/apache/axis2/mex/1.6.1-wso2v37/mex-1.6.1-wso2v37-impl.jar:/home/randika/.m2/repository/org/apache/rampart/rampart-policy/1.6.1-wso2v41/rampart-policy-1.6.1-wso2v41.jar:/home/randika/.m2/repository/org/apache/rampart/rampart-trust/1.6.1-wso2v41/rampart-trust-1.6.1-wso2v41.jar:/home/randika/.m2/repository/org/apache/ws/commons/axiom/axiom-dom/1.2.11-wso2v16/axiom-dom-1.2.11-wso2v16.jar:/home/randika/.m2/repository/org/apache/ws/security/wss4j/1.5.11-wso2v18/wss4j-1.5.11-wso2v18.jar:/home/randika/.m2/repository/org/apache/santuario/xmlsec/1.5.2/xmlsec-1.5.2.jar:/home/randika/.m2/repository/org/opensaml/opensaml/2.6.6/opensaml-2.6.6.jar:/home/randika/.m2/repository/org/opensaml/openws/1.5.6/openws-1.5.6.jar:/home/randika/.m2/repository/org/apache/velocity/velocity/1.7/velocity-1.7.jar:/home/randika/.m2/repository/org/owasp/esapi/esapi/2.0.1/esapi-2.0.1.jar:/home/randika/.m2/repository/joda-time/joda-time/2.2/joda-time-2.2.jar:/home/randika/.m2/repository/org/slf4j/jcl-over-slf4j/1.7.5/jcl-over-slf4j-1.7.5.jar:/home/randika/.m2/repository/org/slf4j/jul-to-slf4j/1.7.5/jul-to-slf4j-1.7.5.jar:/home/randika/.m2/repository/org/opensaml/opensaml1/1.1/opensaml1-1.1.jar:/home/randika/.m2/repository/org/opensaml/xmltooling/1.4.6/xmltooling-1.4.6.jar:/home/randika/.m2/repository/org/wso2/carbon/org.wso2.carbon.authenticator.proxy/4.5.3/org.wso2.carbon.authenticator.proxy-4.5.3.jar:/home/randika/.m2/repository/org/wso2/carbon/registry/org.wso2.carbon.registry.common.ui/4.7.35/org.wso2.carbon.registry.common.ui-4.7.35.jar:/home/randika/.m2/repository/org/eclipse/equinox/javax.servlet.jsp/2.2.0.v201112011158/javax.servlet.jsp-2.2.0.v201112011158.jar:/home/randika/.m2/repository/org/wso2/carbon/org.wso2.carbon.server.admin.common/4.5.3/org.wso2.carbon.server.admin.common-4.5.3.jar:/home/randika/.m2/repository/org/wso2/carbon/org.wso2.carbon.server.admin.ui/4.5.3/org.wso2.carbon.server.admin.ui-4.5.3.jar:/home/randika/.m2/repository/org/wso2/carbon/org.wso2.carbon.server.admin.stub/4.5.3/org.wso2.carbon.server.admin.stub-4.5.3.jar:/home/randika/.m2/repository/org/wso2/carbon/org.wso2.carbon.base/4.5.3/org.wso2.carbon.base-4.5.3.jar:/home/randika/.m2/repository/org/wso2/carbon/org.wso2.carbon.securevault/4.5.3/org.wso2.carbon.securevault-4.5.3.jar:/home/randika/.m2/repository/commons-beanutils/commons-beanutils/1.8.0/commons-beanutils-1.8.0.jar:/home/randika/.m2/repository/commons-collections/commons-collections/3.2/commons-collections-3.2.jar:/home/randika/.m2/repository/commons-digester/commons-digester/1.8/commons-digester-1.8.jar:/home/randika/.m2/repository/org/apache/ws/commons/axiom/wso2/axiom/1.2.11-wso2v16/axiom-1.2.11-wso2v16.jar:/home/randika/.m2/repository/org/codehaus/woodstox/woodstox-core-asl/4.2.0/woodstox-core-asl-4.2.0.jar:/home/randika/.m2/repository/org/codehaus/woodstox/stax2-api/3.1.4/stax2-api-3.1.4.jar:/home/randika/.m2/repository/org/wso2/carbon/org.wso2.carbon.ui/4.5.3/org.wso2.carbon.ui-4.5.3.jar:/home/randika/.m2/repository/org/apache/tiles/wso2/tiles-jsp/2.0.5.wso2v1/tiles-jsp-2.0.5.wso2v1.jar:/home/randika/.m2/repository/org/wso2/carbon/org.wso2.carbon.tomcat/4.5.3/org.wso2.carbon.tomcat-4.5.3.jar:/home/randika/.m2/repository/org/eclipse/equinox/org.eclipse.equinox.http.servlet/1.1.400.v20130418-1354/org.eclipse.equinox.http.servlet-1.1.400.v20130418-1354.jar:/home/randika/.m2/repository/org/wso2/carbon/org.wso2.carbon.core.commons.stub/4.5.3/org.wso2.carbon.core.commons.stub-4.5.3.jar:/home/randika/.m2/repository/javax/servlet/jsp/jstl/wso2/jstl/1.2.1.wso2v2/jstl-1.2.1.wso2v2.jar:/home/randika/.m2/repository/org/wso2/orbit/org/apache/tomcat/tomcat/9.0.22.wso2v1/tomcat-9.0.22.wso2v1.jar:/home/randika/.m2/repository/org/wso2/carbon/registry/org.wso2.carbon.registry.ws.stub/4.7.35/org.wso2.carbon.registry.ws.stub-4.7.35.jar:/home/randika/.m2/repository/org/apache/ws/security/wso2/wss4j/1.5.11.wso2v11/wss4j-1.5.11.wso2v11.jar:/home/randika/.m2/repository/org/apache/poi/wso2/poi-ooxml/3.9.0.wso2v3/poi-ooxml-3.9.0.wso2v3.jar:/home/randika/.m2/repository/org/wso2/wsdl4j/wsdl4j.wso2/1.6.3.wso2v3/wsdl4j.wso2-1.6.3.wso2v3.jar:/home/randika/.m2/repository/org/wso2/carbon/org.wso2.carbon.core/4.6.0/org.wso2.carbon.core-4.6.0.jar:/home/randika/.m2/repository/org/wso2/orbit/com/hazelcast/hazelcast/3.12.2.wso2v1/hazelcast-3.12.2.wso2v1.jar:/home/randika/.m2/repository/org/eclipse/platform/org.eclipse.osgi/3.14.0/org.eclipse.osgi-3.14.0.jar:/home/randika/.m2/repository/org/wso2/eclipse/osgi/org.eclipse.osgi.services/3.5.100.v20160504-1419/org.eclipse.osgi.services-3.5.100.v20160504-1419.jar:/home/randika/.m2/repository/org/eclipse/equinox/org.eclipse.equinox.http.helper/1.1.0.wso2v1/org.eclipse.equinox.http.helper-1.1.0.wso2v1.jar:/home/randika/.m2/repository/org/wso2/orbit/org/bouncycastle/bcprov-jdk15on/1.60.0.wso2v1/bcprov-jdk15on-1.60.0.wso2v1.jar:/home/randika/.m2/repository/org/bouncycastle/bcprov-jdk15on/1.60/bcprov-jdk15on-1.60.jar:/home/randika/.m2/repository/org/wso2/carbon/crypto/org.wso2.carbon.crypto.api/1.1.2/org.wso2.carbon.crypto.api-1.1.2.jar:/home/randika/.m2/repository/org/wso2/orbit/org/apache/neethi/neethi/2.0.4.wso2v5/neethi-2.0.4.wso2v5.jar:/home/randika/.m2/repository/org/apache/httpcomponents/wso2/httpcore/4.3.3.wso2v1/httpcore-4.3.3.wso2v1.jar:/home/randika/.m2/repository/org/apache/tomcat/tomcat-catalina-ha/9.0.31/tomcat-catalina-ha-9.0.31.jar:/home/randika/.m2/repository/org/apache/tomcat/tomcat-juli/9.0.31/tomcat-juli-9.0.31.jar:/home/randika/.m2/repository/org/apache/tomcat/tomcat-tribes/9.0.31/tomcat-tribes-9.0.31.jar:/home/randika/.m2/repository/org/apache/tomcat/tomcat-catalina/9.0.31/tomcat-catalina-9.0.31.jar:/home/randika/.m2/repository/org/apache/tomcat/tomcat-jsp-api/9.0.31/tomcat-jsp-api-9.0.31.jar:/home/randika/.m2/repository/org/apache/tomcat/tomcat-el-api/9.0.31/tomcat-el-api-9.0.31.jar:/home/randika/.m2/repository/org/apache/tomcat/tomcat-annotations-api/9.0.31/tomcat-annotations-api-9.0.31.jar:/home/randika/.m2/repository/org/apache/tomcat/tomcat-api/9.0.31/tomcat-api-9.0.31.jar:/home/randika/.m2/repository/org/apache/tomcat/tomcat-jaspic-api/9.0.31/tomcat-jaspic-api-9.0.31.jar:/home/randika/.m2/repository/org/apache/tomcat/tomcat-util/9.0.31/tomcat-util-9.0.31.jar:/home/randika/.m2/repository/org/apache/tomcat/tomcat-util-scan/9.0.31/tomcat-util-scan-9.0.31.jar:/home/randika/.m2/repository/org/wso2/carbon/apimgt/org.wso2.carbon.apimgt.api/6.7.206/org.wso2.carbon.apimgt.api-6.7.206.jar:/home/randika/.m2/repository/org/wso2/carbon/org.wso2.carbon.registry.api/4.6.0/org.wso2.carbon.registry.api-4.6.0.jar:/home/randika/.m2/repository/org/apache/commons/commons-lang3/3.10/commons-lang3-3.10.jar:/home/randika/.m2/repository/org/wso2/carbon/apimgt/org.wso2.carbon.apimgt.keymgt.client/6.7.206/org.wso2.carbon.apimgt.keymgt.client-6.7.206.jar:/home/randika/.m2/repository/org/wso2/carbon/org.wso2.carbon.authenticator.stub/4.6.0/org.wso2.carbon.authenticator.stub-4.6.0.jar:/home/randika/.m2/repository/org/wso2/carbon/identity/framework/org.wso2.carbon.identity.core/5.17.5/org.wso2.carbon.identity.core-5.17.5.jar:/home/randika/.m2/repository/org/wso2/carbon/identity/framework/org.wso2.carbon.identity.base/5.17.5/org.wso2.carbon.identity.base-5.17.5.jar:/home/randika/.m2/repository/org/apache/rampart/wso2/rampart-core/1.6.1-wso2v43/rampart-core-1.6.1-wso2v43.jar:/home/randika/.m2/repository/org/wso2/carbon/commons/org.wso2.carbon.tenant.common/4.7.18/org.wso2.carbon.tenant.common-4.7.18.jar:/home/randika/.m2/repository/org/wso2/carbon/utils/org.wso2.carbon.database.utils/2.0.7/org.wso2.carbon.database.utils-2.0.7.jar:/home/randika/.m2/repository/commons-lang/commons-lang/2.6/commons-lang-2.6.jar:/home/randika/.m2/repository/org/slf4j/slf4j-simple/1.7.21/slf4j-simple-1.7.21.jar:/home/randika/.m2/repository/ua/parser/wso2/ua-parser/1.3.0.wso2v2/ua-parser-1.3.0.wso2v2.jar:/home/randika/.m2/repository/org/wso2/carbon/identity/inbound/auth/oauth2/org.wso2.carbon.identity.oauth/6.4.2/org.wso2.carbon.identity.oauth-6.4.2.jar:/home/randika/.m2/repository/org/apache/tomcat/tomcat-coyote/9.0.21/tomcat-coyote-9.0.21.jar:/home/randika/.m2/repository/org/apache/tomcat/tomcat-servlet-api/9.0.21/tomcat-servlet-api-9.0.21.jar:/home/randika/.m2/repository/org/apache/tomcat/tomcat-jni/9.0.21/tomcat-jni-9.0.21.jar:/home/randika/.m2/repository/commons-codec/wso2/commons-codec/1.4.0.wso2v1/commons-codec-1.4.0.wso2v1.jar:/home/randika/.m2/repository/com/google/gdata/wso2/gdata-core/1.47.0.wso2v1/gdata-core-1.47.0.wso2v1.jar:/home/randika/.m2/repository/org/wso2/carbon/identity/framework/org.wso2.carbon.identity.event/5.16.119/org.wso2.carbon.identity.event-5.16.119.jar:/home/randika/.m2/repository/org/wso2/carbon/identity/framework/org.wso2.carbon.identity.testutil/5.16.119/org.wso2.carbon.identity.testutil-5.16.119.jar:/home/randika/.m2/repository/org/apache/logging/log4j/log4j-api/2.12.0/log4j-api-2.12.0.jar:/home/randika/.m2/repository/org/apache/logging/log4j/log4j-core/2.12.0/log4j-core-2.12.0.jar:/home/randika/.m2/repository/org/wso2/orbit/org/apache/oltu/oauth2/oltu/1.0.0.wso2v3/oltu-1.0.0.wso2v3.jar:/home/randika/.m2/repository/org/wso2/carbon/identity/inbound/auth/oauth2/org.wso2.carbon.identity.oauth.common/6.4.2/org.wso2.carbon.identity.oauth.common-6.4.2.jar:/home/randika/.m2/repository/org/wso2/carbon/identity/framework/org.wso2.carbon.idp.mgt/5.16.119/org.wso2.carbon.idp.mgt-5.16.119.jar:/home/randika/.m2/repository/org/wso2/carbon/identity/framework/org.wso2.carbon.identity.application.mgt/5.16.119/org.wso2.carbon.identity.application.mgt-5.16.119.jar:/home/randika/.m2/repository/org/wso2/carbon/identity/framework/org.wso2.carbon.security.mgt/5.16.119/org.wso2.carbon.security.mgt-5.16.119.jar:/home/randika/.m2/repository/org/apache/rampart/wso2/rampart-policy/1.6.1-wso2v43/rampart-policy-1.6.1-wso2v43.jar:/home/randika/.m2/repository/org/apache/rampart/wso2/rampart-trust/1.6.1-wso2v43/rampart-trust-1.6.1-wso2v43.jar:/home/randika/.m2/repository/backport-util-concurrent/wso2/backport-util-concurrent/3.1.0.wso2v1/backport-util-concurrent-3.1.0.wso2v1.jar:/home/randika/.m2/repository/org/jacoco/org.jacoco.agent/0.8.2/org.jacoco.agent-0.8.2-runtime.jar:/home/randika/.m2/repository/org/wso2/carbon/identity/framework/org.wso2.carbon.identity.application.common/5.16.119/org.wso2.carbon.identity.application.common-5.16.119.jar:/home/randika/.m2/repository/org/wso2/carbon/identity/framework/org.wso2.carbon.identity.entitlement/5.16.119/org.wso2.carbon.identity.entitlement-5.16.119.jar:/home/randika/.m2/repository/org/wso2/balana/org.wso2.balana/1.2.1/org.wso2.balana-1.2.1.jar:/home/randika/.m2/repository/org/wso2/balana/org.wso2.balana.utils/1.2.1/org.wso2.balana.utils-1.2.1.jar:/home/randika/.m2/repository/org/wso2/carbon/identity/framework/org.wso2.carbon.identity.authenticator.thrift/5.16.119/org.wso2.carbon.identity.authenticator.thrift-5.16.119.jar:/home/randika/.m2/repository/org/wso2/carbon/identity/framework/org.wso2.carbon.identity.entitlement.common/5.16.119/org.wso2.carbon.identity.entitlement.common-5.16.119.jar:/home/randika/.m2/repository/org/wso2/carbon/identity/framework/org.wso2.carbon.identity.entitlement.stub/5.16.119/org.wso2.carbon.identity.entitlement.stub-5.16.119.jar:/home/randika/.m2/repository/libthrift/wso2/libthrift/0.12.0.wso2v1/libthrift-0.12.0.wso2v1.jar:/home/randika/.m2/repository/org/apache/thrift/libthrift/0.12.0/libthrift-0.12.0.jar:/home/randika/.m2/repository/org/wso2/carbon/identity/framework/org.wso2.carbon.identity.notification.mgt/5.16.119/org.wso2.carbon.identity.notification.mgt-5.16.119.jar:/home/randika/.m2/repository/org/wso2/carbon/identity/saml/common/org.wso2.carbon.identity.saml.common.util/1.0.3/org.wso2.carbon.identity.saml.common.util-1.0.3.jar:/home/randika/.m2/repository/org/wso2/orbit/com/github/dblock/waffle/waffle-jna/1.6.wso2v6/waffle-jna-1.6.wso2v6.jar:/home/randika/.m2/repository/org/wso2/orbit/com/nimbusds/nimbus-jose-jwt/7.3.0.wso2v1/nimbus-jose-jwt-7.3.0.wso2v1.jar:/home/randika/.m2/repository/net/minidev/json-smart/2.3/json-smart-2.3.jar:/home/randika/.m2/repository/net/minidev/accessors-smart/1.2/accessors-smart-1.2.jar:/home/randika/.m2/repository/org/ow2/asm/asm/5.0.4/asm-5.0.4.jar:/home/randika/.m2/repository/org/wso2/carbon/org.wso2.carbon.core.common/4.6.0/org.wso2.carbon.core.common-4.6.0.jar:/home/randika/.m2/repository/javax/servlet/servlet-api/2.5/servlet-api-2.5.jar:/home/randika/.m2/repository/org/wso2/carbon/identity/framework/org.wso2.carbon.identity.application.authentication.framework/5.16.119/org.wso2.carbon.identity.application.authentication.framework-5.16.119.jar:/home/randika/.m2/repository/org/wso2/carbon/identity/framework/org.wso2.carbon.identity.template.mgt/5.16.119/org.wso2.carbon.identity.template.mgt-5.16.119.jar:/home/randika/.m2/repository/org/wso2/carbon/identity/framework/org.wso2.carbon.identity.user.profile/5.16.119/org.wso2.carbon.identity.user.profile-5.16.119.jar:/home/randika/.m2/repository/org/wso2/carbon/identity/framework/org.wso2.carbon.identity.functions.library.mgt/5.16.119/org.wso2.carbon.identity.functions.library.mgt-5.16.119.jar:/home/randika/.m2/repository/org/wso2/carbon/identity/framework/org.wso2.carbon.identity.user.store.configuration/5.16.119/org.wso2.carbon.identity.user.store.configuration-5.16.119.jar:/home/randika/.m2/repository/org/wso2/carbon/org.wso2.carbon.ndatasource.core/4.6.0-beta2/org.wso2.carbon.ndatasource.core-4.6.0-beta2.jar:/home/randika/.m2/repository/org/wso2/carbon/org.wso2.carbon.ndatasource.common/4.6.0-beta2/org.wso2.carbon.ndatasource.common-4.6.0-beta2.jar:/home/randika/.m2/repository/org/wso2/carbon/org.wso2.carbon.ndatasource.rdbms/4.6.0-beta2/org.wso2.carbon.ndatasource.rdbms-4.6.0-beta2.jar:/home/randika/.m2/repository/org/wso2/orbit/joda-time/joda-time/2.9.4.wso2v1/joda-time-2.9.4.wso2v1.jar:/home/randika/.m2/repository/org/wso2/carbon/identity/framework/org.wso2.carbon.identity.claim.metadata.mgt/5.16.119/org.wso2.carbon.identity.claim.metadata.mgt-5.16.119.jar:/home/randika/.m2/repository/org/wso2/orbit/javax/xml/bind/jaxb-api/2.3.1.wso2v1/jaxb-api-2.3.1.wso2v1.jar:/home/randika/.m2/repository/org/wso2/orbit/org/opensaml/opensaml/3.3.1.wso2v1/opensaml-3.3.1.wso2v1.jar:/home/randika/.m2/repository/org/cryptacular/cryptacular/1.1.3/cryptacular-1.1.3.jar:/home/randika/.m2/repository/com/google/code/findbugs/annotations/3.0.1/annotations-3.0.1.jar:/home/randika/.m2/repository/net/jcip/jcip-annotations/1.0/jcip-annotations-1.0.jar:/home/randika/.m2/repository/org/wso2/carbon/identity/framework/org.wso2.carbon.captcha.mgt/5.17.5/org.wso2.carbon.captcha.mgt-5.17.5.jar:/home/randika/.m2/repository/kaptcha/wso2/kaptcha/2.3.0.wso2v1/kaptcha-2.3.0.wso2v1.jar:/home/randika/.m2/repository/org/wso2/carbon/identity/governance/org.wso2.carbon.identity.recovery/1.4.1/org.wso2.carbon.identity.recovery-1.4.1.jar:/home/randika/.m2/repository/org/wso2/carbon/identity/governance/org.wso2.carbon.identity.governance/1.4.1/org.wso2.carbon.identity.governance-1.4.1.jar:/home/randika/.m2/repository/org/wso2/carbon/multitenancy/org.wso2.carbon.tenant.mgt/4.7.11/org.wso2.carbon.tenant.mgt-4.7.11.jar:/home/randika/.m2/repository/org/wso2/carbon/multitenancy/org.wso2.carbon.tenant.mgt.core/4.7.11/org.wso2.carbon.tenant.mgt.core-4.7.11.jar:/home/randika/.m2/repository/org/wso2/carbon/identity/user/ws/org.wso2.carbon.um.ws.api/5.3.3/org.wso2.carbon.um.ws.api-5.3.3.jar:/home/randika/.m2/repository/org/wso2/carbon/identity/framework/org.wso2.carbon.identity.mgt/5.16.27/org.wso2.carbon.identity.mgt-5.16.27.jar:/home/randika/.m2/repository/org/wso2/carbon/identity/framework/org.wso2.carbon.identity.consent.mgt/5.16.27/org.wso2.carbon.identity.consent.mgt-5.16.27.jar:/home/randika/.m2/repository/org/json/wso2/json/3.0.0.wso2v1/json-3.0.0.wso2v1.jar:/home/randika/.m2/repository/org/json/json/20140107/json-20140107.jar:/home/randika/.m2/repository/org/wso2/carbon/consent/mgt/org.wso2.carbon.consent.mgt.core/2.2.4/org.wso2.carbon.consent.mgt.core-2.2.4.jar:/home/randika/.m2/repository/org/wso2/carbon/identity/event/handler/accountlock/org.wso2.carbon.identity.handler.event.account.lock/1.1.12/org.wso2.carbon.identity.handler.event.account.lock-1.1.12.jar:/home/randika/.m2/repository/org/wso2/carbon/governance/org.wso2.carbon.governance.registry.extensions/4.8.19/org.wso2.carbon.governance.registry.extensions-4.8.19.jar:/home/randika/.m2/repository/org/wso2/carbon/registry/org.wso2.carbon.registry.servlet/4.7.34/org.wso2.carbon.registry.servlet-4.7.34.jar:/home/randika/.m2/repository/org/wso2/carbon/registry/org.wso2.carbon.registry.eventing/4.7.34/org.wso2.carbon.registry.eventing-4.7.34.jar:/home/randika/.m2/repository/org/wso2/carbon/registry/org.wso2.carbon.registry.event.core/4.7.34/org.wso2.carbon.registry.event.core-4.7.34.jar:/home/randika/.m2/repository/org/wso2/carbon/registry/org.wso2.carbon.registry.event.ws/4.7.34/org.wso2.carbon.registry.event.ws-4.7.34.jar:/home/randika/.m2/repository/org/wso2/carbon/commons/org.wso2.carbon.email.verification/4.7.19/org.wso2.carbon.email.verification-4.7.19.jar:/home/randika/.m2/repository/org/wso2/carbon/registry/org.wso2.carbon.governance.notifications.worklist.stub/4.7.34/org.wso2.carbon.governance.notifications.worklist.stub-4.7.34.jar:/home/randika/.m2/repository/org/wso2/carbon/org.wso2.carbon.core.services/4.5.0/org.wso2.carbon.core.services-4.5.0.jar:/home/randika/.m2/repository/org/wso2/carbon/registry/org.wso2.carbon.registry.task/4.7.34/org.wso2.carbon.registry.task-4.7.34.jar:/home/randika/.m2/repository/org/wso2/carbon/registry/org.wso2.carbon.registry.resource.stub/4.7.34/org.wso2.carbon.registry.resource.stub-4.7.34.jar:/home/randika/.m2/repository/org/wso2/carbon/governance/org.wso2.carbon.governance.common/4.8.19/org.wso2.carbon.governance.common-4.8.19.jar:/home/randika/.m2/repository/commons-dbcp/commons-dbcp/1.2.2/commons-dbcp-1.2.2.jar:/home/randika/.m2/repository/commons-pool/commons-pool/1.3/commons-pool-1.3.jar:/home/randika/.m2/repository/javax/mail/mail/1.4/mail-1.4.jar:/home/randika/.m2/repository/javax/activation/activation/1.1/activation-1.1.jar:/home/randika/.m2/repository/commons-fileupload/commons-fileupload/1.1.1/commons-fileupload-1.1.1.jar:/home/randika/.m2/repository/hsqldb/wso2/hsqldb/1.8.0.7wso2v1/hsqldb-1.8.0.7wso2v1.jar:/home/randika/.m2/repository/commons-httpclient/commons-httpclient/3.0.1/commons-httpclient-3.0.1.jar:/home/randika/.m2/repository/junit/junit/3.8.1/junit-3.8.1.jar:/home/randika/.m2/repository/org/apache/geronimo/specs/wso2/geronimo-stax-api_1.0_spec/1.0.1.wso2v1/geronimo-stax-api_1.0_spec-1.0.1.wso2v1.jar:/home/randika/.m2/repository/org/codehaus/woodstox/wstx-asl/3.2.9/wstx-asl-3.2.9.jar:/home/randika/.m2/repository/stax/stax-api/1.0.1/stax-api-1.0.1.jar:/home/randika/.m2/repository/jaxen/jaxen/1.1.1/jaxen-1.1.1.jar:/home/randika/.m2/repository/dom4j/dom4j/1.6.1/dom4j-1.6.1.jar:/home/randika/.m2/repository/jdom/jdom/1.0/jdom-1.0.jar:/home/randika/.m2/repository/xom/xom/1.0/xom-1.0.jar:/home/randika/.m2/repository/xerces/xmlParserAPIs/2.6.2/xmlParserAPIs-2.6.2.jar:/home/randika/.m2/repository/xml-apis/xml-apis/1.3.04/xml-apis-1.3.04.jar:/home/randika/.m2/repository/org/apache/ws/commons/schema/XmlSchema/1.4.3/XmlSchema-1.4.3.jar:/home/randika/.m2/repository/org/apache/derby/derby/10.4.2.0/derby-10.4.2.0.jar:/home/randika/.m2/repository/org/wso2/wsdl/validator/wso2/wsdl-validator/1.2.0.wso2v1/wsdl-validator-1.2.0.wso2v1.jar:/home/randika/.m2/repository/uddi/uddi4j/1.0.1/uddi4j-1.0.1.jar:/home/randika/.m2/repository/org/wso2/carbon/org.wso2.carbon.mashup.utils/4.2.0/org.wso2.carbon.mashup.utils-4.2.0.jar:/home/randika/.m2/repository/org/jaggeryjs/org.jaggeryjs.scriptengine/0.9.0.ALPHA4.wso2v1/org.jaggeryjs.scriptengine-0.9.0.ALPHA4.wso2v1.jar:/home/randika/.m2/repository/commons-httpclient/wso2/commons-httpclient/3.1.0.wso2v2/commons-httpclient-3.1.0.wso2v2.jar:/home/randika/.m2/repository/org/apache/commons/ssl/not-yet-commons-ssl/0.3.9/not-yet-commons-ssl-0.3.9.jar:/home/randika/.m2/repository/org/eclipse/wst/jsdt/org.eclipse.wst.jsdt.debug.rhino.debugger/1.0.300.v201109150503/org.eclipse.wst.jsdt.debug.rhino.debugger-1.0.300.v201109150503.jar:/home/randika/.m2/repository/org/eclipse/wst/jsdt/org.eclipse.wst.jsdt.debug.transport/1.0.100.v201109150330/org.eclipse.wst.jsdt.debug.transport-1.0.100.v201109150330.jar:/home/randika/.m2/repository/org/wso2/carbon/governance/org.wso2.carbon.mashup.javascript.hostobjects.registry/4.8.19/org.wso2.carbon.mashup.javascript.hostobjects.registry-4.8.19.jar:/home/randika/.m2/repository/org/wso2/wsf/javascript/axiom-e4x/2.1.0/axiom-e4x-2.1.0.jar:/home/randika/.m2/repository/org/mozilla/rhino/js-core/1.6R7/js-core-1.6R7.jar:/home/randika/.m2/repository/woodstox/wstx-asl/3.1.0/wstx-asl-3.1.0.jar:/home/randika/.m2/repository/rhino/wso2/js/1.7.0.R4.wso2v1/js-1.7.0.R4.wso2v1.jar:/home/randika/.m2/repository/org/mozilla/rhino/1.7R4/rhino-1.7R4.jar:/home/randika/.m2/repository/commons-scxml/wso2/commons-scxml/0.9.0.wso2v1/commons-scxml-0.9.0.wso2v1.jar:/home/randika/.m2/repository/org/apache/httpcomponents/wso2/httpclient/4.1.1.wso2v1/httpclient-4.1.1.wso2v1.jar:/home/randika/.m2/repository/com/h2database/wso2/h2-database-engine/1.2.140.wso2v3/h2-database-engine-1.2.140.wso2v3.jar:/home/randika/.m2/repository/commons-codec/commons-codec/1.14/commons-codec-1.14.jar:/home/randika/.m2/repository/org/wso2/carbon/apimgt/org.wso2.carbon.apimgt.handlers.security.stub/6.7.206/org.wso2.carbon.apimgt.handlers.security.stub-6.7.206.jar:/home/randika/.m2/repository/org/apache/axis2/wso2/axis2-client/1.6.1-wso2v41/axis2-client-1.6.1-wso2v41.jar:/home/randika/.m2/repository/org/apache/axis2/wso2/axis2-json/1.6.1-wso2v41/axis2-json-1.6.1-wso2v41.jar:/home/randika/.m2/repository/wsdl4j/wso2/wsdl4j/1.6.2.wso2v2/wsdl4j-1.6.2.wso2v2.jar:/home/randika/.m2/repository/wsdl4j/wsdl4j/1.6.2/wsdl4j-1.6.2.jar:/home/randika/.m2/repository/org/wso2/carbon/org.wso2.carbon.utils/4.6.0/org.wso2.carbon.utils-4.6.0.jar:/home/randika/.m2/repository/org/wso2/carbon/org.wso2.carbon.bootstrap/4.6.0/org.wso2.carbon.bootstrap-4.6.0.jar:/home/randika/.m2/repository/wrapper/wrapper/3.2.3/wrapper-3.2.3.jar:/home/randika/.m2/repository/org/ops4j/pax/logging/pax-logging-log4j2/1.11.3/pax-logging-log4j2-1.11.3.jar:/home/randika/.m2/repository/org/osgi/osgi.core/6.0.0/osgi.core-6.0.0.jar:/home/randika/.m2/repository/org/osgi/osgi.cmpn/6.0.0/osgi.cmpn-6.0.0.jar:/home/randika/.m2/repository/org/wso2/carbon/org.wso2.carbon.queuing/4.6.0/org.wso2.carbon.queuing-4.6.0.jar:/home/randika/.m2/repository/org/igniterealtime/smack/wso2/smack/3.0.4.wso2v1/smack-3.0.4.wso2v1.jar:/home/randika/.m2/repository/org/igniterealtime/smack/wso2/smackx/3.0.4.wso2v1/smackx-3.0.4.wso2v1.jar:/home/randika/.m2/repository/org/wso2/orbit/commons-fileupload/commons-fileupload/1.3.3.wso2v1/commons-fileupload-1.3.3.wso2v1.jar:/home/randika/.m2/repository/org/apache/ant/wso2/ant/1.7.0.wso2v1/ant-1.7.0.wso2v1.jar:/home/randika/.m2/repository/org/apache/ant/ant/1.7.0/ant-1.7.0.jar:/home/randika/.m2/repository/org/apache/ant/ant-launcher/1.7.0/ant-launcher-1.7.0.jar:/home/randika/.m2/repository/org/eclipse/equinox/javax.servlet/3.0.0.v201112011016/javax.servlet-3.0.0.v201112011016.jar:/home/randika/.m2/repository/org/wso2/orbit/commons-httpclient/commons-httpclient/3.1.0.wso2v6/commons-httpclient-3.1.0.wso2v6.jar:/home/randika/.m2/repository/org/apache/httpcomponents/httpmime/4.5.10/httpmime-4.5.10.jar:/home/randika/.m2/repository/org/apache/httpcomponents/httpclient/4.5.10/httpclient-4.5.10.jar:/home/randika/.m2/repository/org/apache/httpcomponents/httpcore/4.4.12/httpcore-4.4.12.jar:/home/randika/.m2/repository/org/wso2/carbon/commons/org.wso2.carbon.event.core/4.7.32/org.wso2.carbon.event.core-4.7.32.jar:/home/randika/.m2/repository/org/apache/geronimo/specs/wso2/geronimo-jms_1.1_spec/1.1.0.wso2v1/geronimo-jms_1.1_spec-1.1.0.wso2v1.jar:/home/randika/.m2/repository/org/wso2/carbon/commons/org.wso2.carbon.qpid.stub/4.7.32/org.wso2.carbon.qpid.stub-4.7.32.jar:/home/randika/.m2/repository/org/wso2/carbon/commons/org.wso2.carbon.event.client.stub/4.7.32/org.wso2.carbon.event.client.stub-4.7.32.jar:/home/randika/.m2/repository/org/wso2/carbon/commons/org.wso2.carbon.event.stub/4.7.32/org.wso2.carbon.event.stub-4.7.32.jar:/home/randika/.m2/repository/org/wso2/carbon/registry/org.wso2.carbon.registry.indexing/4.7.35/org.wso2.carbon.registry.indexing-4.7.35.jar:/home/randika/.m2/repository/org/apache/poi/wso2/poi-scratchpad/3.9.0.wso2v1/poi-scratchpad-3.9.0.wso2v1.jar:/home/randika/.m2/repository/org/apache/poi/poi-scratchpad/3.9/poi-scratchpad-3.9.jar:/home/randika/.m2/repository/org/apache/poi/poi/3.9/poi-3.9.jar:/home/randika/.m2/repository/org/wso2/orbit/org/apache/solr/solr/5.5.5.wso2v1/solr-5.5.5.wso2v1.jar:/home/randika/.m2/repository/com/googlecode/json-simple/wso2/json-simple/1.1.wso2v1/json-simple-1.1.wso2v1.jar:/home/randika/.m2/repository/org/wso2/carbon/apimgt/org.wso2.carbon.apimgt.keymgt.stub/6.7.206/org.wso2.carbon.apimgt.keymgt.stub-6.7.206.jar:/home/randika/.m2/repository/org/wso2/carbon/apimgt/org.wso2.carbon.apimgt.gateway.stub/6.7.206/org.wso2.carbon.apimgt.gateway.stub-6.7.206.jar:/home/randika/.m2/repository/org/wso2/carbon/identity/inbound/auth/oauth2/org.wso2.carbon.identity.oauth.stub/6.4.2/org.wso2.carbon.identity.oauth.stub-6.4.2.jar:/home/randika/.m2/repository/org/wso2/carbon/identity/framework/org.wso2.carbon.identity.application.mgt.stub/5.17.5/org.wso2.carbon.identity.application.mgt.stub-5.17.5.jar:/home/randika/.m2/repository/org/wso2/orbit/javax/activation/activation/1.1.1.wso2v1/activation-1.1.1.wso2v1.jar:/home/randika/.m2/repository/org/wso2/carbon/identity/framework/org.wso2.carbon.identity.mgt.stub/5.17.5/org.wso2.carbon.identity.mgt.stub-5.17.5.jar:/home/randika/.m2/repository/org/wso2/carbon/identity/user/ws/org.wso2.carbon.um.ws.api.stub/5.4.0/org.wso2.carbon.um.ws.api.stub-5.4.0.jar:/home/randika/.m2/repository/org/wso2/carbon/identity/framework/org.wso2.carbon.user.mgt.stub/5.17.5/org.wso2.carbon.user.mgt.stub-5.17.5.jar:/home/randika/.m2/repository/org/wso2/carbon/analytics-common/org.wso2.carbon.databridge.agent/5.2.26/org.wso2.carbon.databridge.agent-5.2.26.jar:/home/randika/.m2/repository/org/eclipse/osgi/org.eclipse.osgi/3.7.0.v20110613/org.eclipse.osgi-3.7.0.v20110613.jar:/home/randika/.m2/repository/org/eclipse/osgi/org.eclipse.osgi.services/3.3.100.v20120522-1822/org.eclipse.osgi.services-3.3.100.v20120522-1822.jar:/home/randika/.m2/repository/org/wso2/carbon/analytics-common/org.wso2.carbon.databridge.commons/5.2.26/org.wso2.carbon.databridge.commons-5.2.26.jar:/home/randika/.m2/repository/org/wso2/carbon/analytics-common/org.wso2.carbon.databridge.commons.thrift/5.2.26/org.wso2.carbon.databridge.commons.thrift-5.2.26.jar:/home/randika/.m2/repository/slf4j/wso2/slf4j/1.5.10.wso2v1/slf4j-1.5.10.wso2v1.jar:/home/randika/.m2/repository/commons-pool/wso2/commons-pool/1.5.6.wso2v1/commons-pool-1.5.6.wso2v1.jar:/home/randika/.m2/repository/org/wso2/orbit/org/apache/httpcomponents/httpclient/4.3.6.wso2v2/httpclient-4.3.6.wso2v2.jar:/home/randika/.m2/repository/org/wso2/orbit/com/lmax/disruptor/3.3.2.wso2v2/disruptor-3.3.2.wso2v2.jar:/home/randika/.m2/repository/org/wso2/carbon/analytics-common/org.wso2.carbon.databridge.commons.binary/5.2.26/org.wso2.carbon.databridge.commons.binary-5.2.26.jar:/home/randika/.m2/repository/org/apache/felix/org.apache.felix.scr.ds-annotations/1.2.4/org.apache.felix.scr.ds-annotations-1.2.4.jar:/home/randika/.m2/repository/org/wso2/carbon/apimgt/org.wso2.carbon.apimgt.statsupdate.stub/6.7.206/org.wso2.carbon.apimgt.statsupdate.stub-6.7.206.jar:/home/randika/.m2/repository/org/wso2/carbon/governance/org.wso2.carbon.governance.custom.lifecycles.checklist/4.8.19/org.wso2.carbon.governance.custom.lifecycles.checklist-4.8.19.jar:/home/randika/.m2/repository/org/wso2/carbon/identity/framework/org.wso2.carbon.user.mgt/5.14.67/org.wso2.carbon.user.mgt-5.14.67.jar:/home/randika/.m2/repository/au/com/bytecode/opencsv/wso2/opencsv/1.8.wso2v1/opencsv-1.8.wso2v1.jar:/home/randika/.m2/repository/org/wso2/carbon/apimgt/org.wso2.carbon.apimgt.tier.cache.stub/6.7.206/org.wso2.carbon.apimgt.tier.cache.stub-6.7.206.jar:/home/randika/.m2/repository/org/wso2/carbon/apimgt/org.wso2.carbon.apimgt.registry.cache.stub/6.7.206/org.wso2.carbon.apimgt.registry.cache.stub-6.7.206.jar:/home/randika/.m2/repository/org/apache/pdfbox/pdfbox/1.8.16/pdfbox-1.8.16.jar:/home/randika/.m2/repository/org/apache/pdfbox/fontbox/1.8.16/fontbox-1.8.16.jar:/home/randika/.m2/repository/org/apache/pdfbox/jempbox/1.8.16/jempbox-1.8.16.jar:/home/randika/.m2/repository/commons-logging/commons-logging/1.1.1/commons-logging-1.1.1.jar:/home/randika/.m2/repository/org/wso2/carbon/governance/org.wso2.carbon.governance.lcm/4.8.19/org.wso2.carbon.governance.lcm-4.8.19.jar:/home/randika/.m2/repository/org/wso2/carbon/event-processing/org.wso2.carbon.event.processor.stub/2.2.14/org.wso2.carbon.event.processor.stub-2.2.14.jar:/home/randika/.m2/repository/io/swagger/swagger-models/1.6.1/swagger-models-1.6.1.jar:/home/randika/.m2/repository/com/fasterxml/jackson/core/jackson-annotations/2.10.1/jackson-annotations-2.10.1.jar:/home/randika/.m2/repository/io/swagger/swagger-annotations/1.6.1/swagger-annotations-1.6.1.jar:/home/randika/.m2/repository/org/wso2/orbit/io/swagger/swagger-inflector/1.0.16.wso2v1/swagger-inflector-1.0.16.wso2v1.jar:/home/randika/.m2/repository/org/wso2/orbit/io/swagger/swagger-inflector-oas3/2.0.5.wso2v1/swagger-inflector-oas3-2.0.5.wso2v1.jar:/home/randika/.m2/repository/org/wso2/orbit/io/swagger/swagger-parser/1.0.51.wso2v1/swagger-parser-1.0.51.wso2v1.jar:/home/randika/.m2/repository/io/swagger/swagger-parser/1.0.51/swagger-parser-1.0.51.jar:/home/randika/.m2/repository/io/swagger/swagger-core/1.6.1/swagger-core-1.6.1.jar:/home/randika/.m2/repository/javax/validation/validation-api/1.1.0.Final/validation-api-1.1.0.Final.jar:/home/randika/.m2/repository/org/wso2/orbit/io/swagger/v3/swagger-parser/2.0.20.wso2v1/swagger-parser-2.0.20.wso2v1.jar:/home/randika/.m2/repository/io/swagger/parser/v3/swagger-parser/2.0.20/swagger-parser-2.0.20.jar:/home/randika/.m2/repository/io/swagger/parser/v3/swagger-parser-v2-converter/2.0.20/swagger-parser-v2-converter-2.0.20.jar:/home/randika/.m2/repository/io/swagger/swagger-compat-spec-parser/1.0.51/swagger-compat-spec-parser-1.0.51.jar:/home/randika/.m2/repository/com/github/java-json-tools/json-schema-validator/2.2.8/json-schema-validator-2.2.8.jar:/home/randika/.m2/repository/com/github/java-json-tools/json-schema-core/1.2.8/json-schema-core-1.2.8.jar:/home/randika/.m2/repository/com/github/fge/uri-template/0.9/uri-template-0.9.jar:/home/randika/.m2/repository/javax/mail/mailapi/1.4.3/mailapi-1.4.3.jar:/home/randika/.m2/repository/com/googlecode/libphonenumber/libphonenumber/8.0.0/libphonenumber-8.0.0.jar:/home/randika/.m2/repository/net/sf/jopt-simple/jopt-simple/5.0.3/jopt-simple-5.0.3.jar:/home/randika/.m2/repository/com/github/fge/json-patch/1.6/json-patch-1.6.jar:/home/randika/.m2/repository/com/github/fge/jackson-coreutils/1.6/jackson-coreutils-1.6.jar:/home/randika/.m2/repository/com/github/fge/msg-simple/1.1/msg-simple-1.1.jar:/home/randika/.m2/repository/com/github/fge/btf/1.2/btf-1.2.jar:/home/randika/.m2/repository/io/swagger/parser/v3/swagger-parser-core/2.0.20/swagger-parser-core-2.0.20.jar:/home/randika/.m2/repository/io/swagger/parser/v3/swagger-parser-v3/2.0.20/swagger-parser-v3-2.0.20.jar:/home/randika/.m2/repository/io/swagger/core/v3/swagger-models/2.1.2/swagger-models-2.1.2.jar:/home/randika/.m2/repository/io/swagger/core/v3/swagger-core/2.1.2/swagger-core-2.1.2.jar:/home/randika/.m2/repository/jakarta/xml/bind/jakarta.xml.bind-api/2.3.2/jakarta.xml.bind-api-2.3.2.jar:/home/randika/.m2/repository/jakarta/activation/jakarta.activation-api/1.2.1/jakarta.activation-api-1.2.1.jar:/home/randika/.m2/repository/com/fasterxml/jackson/core/jackson-databind/2.10.1/jackson-databind-2.10.1.jar:/home/randika/.m2/repository/com/fasterxml/jackson/datatype/jackson-datatype-jsr310/2.10.1/jackson-datatype-jsr310-2.10.1.jar:/home/randika/.m2/repository/io/swagger/core/v3/swagger-annotations/2.1.2/swagger-annotations-2.1.2.jar:/home/randika/.m2/repository/jakarta/validation/jakarta.validation-api/2.0.2/jakarta.validation-api-2.0.2.jar:/home/randika/.m2/repository/com/fasterxml/jackson/datatype/jackson-datatype-guava/2.10.3/jackson-datatype-guava-2.10.3.jar:/home/randika/.m2/repository/com/fasterxml/jackson/core/jackson-core/2.10.3/jackson-core-2.10.3.jar:/home/randika/.m2/repository/org/slf4j/slf4j-ext/1.7.29/slf4j-ext-1.7.29.jar:/home/randika/.m2/repository/org/wso2/orbit/org/openapitools/openapi-generator/4.3.1.wso2v1/openapi-generator-4.3.1.wso2v1.jar:/home/randika/.m2/repository/org/openapitools/openapi-generator/4.3.1/openapi-generator-4.3.1.jar:/home/randika/.m2/repository/com/samskivert/jmustache/1.14/jmustache-1.14.jar:/home/randika/.m2/repository/com/github/jknack/handlebars/4.1.2/handlebars-4.1.2.jar:/home/randika/.m2/repository/com/github/jknack/handlebars-jackson2/4.1.2/handlebars-jackson2-4.1.2.jar:/home/randika/.m2/repository/com/atlassian/commonmark/commonmark/0.11.0/commonmark-0.11.0.jar:/home/randika/.m2/repository/com/github/mifmif/generex/1.0.2/generex-1.0.2.jar:/home/randika/.m2/repository/dk/brics/automaton/automaton/1.11-8/automaton-1.11-8.jar:/home/randika/.m2/repository/com/fasterxml/jackson/datatype/jackson-datatype-joda/2.10.1/jackson-datatype-joda-2.10.1.jar:/home/randika/.m2/repository/com/github/joschi/jackson/jackson-datatype-threetenbp/2.10.0/jackson-datatype-threetenbp-2.10.0.jar:/home/randika/.m2/repository/org/threeten/threetenbp/1.4.0/threetenbp-1.4.0.jar:/home/randika/.m2/repository/org/openapitools/openapi-generator-core/4.3.1/openapi-generator-core-4.3.1.jar:/home/randika/.m2/repository/net/java/dev/jna/jna/5.5.0/jna-5.5.0.jar:/home/randika/.m2/repository/com/github/ben-manes/caffeine/caffeine/2.8.1/caffeine-2.8.1.jar:/home/randika/.m2/repository/commons-io/commons-io/2.4/commons-io-2.4.jar:/home/randika/.m2/repository/xerces/wso2/xercesImpl/2.8.1.wso2v2/xercesImpl-2.8.1.wso2v2.jar:/home/randika/.m2/repository/org/wso2/carbon/identity/framework/org.wso2.carbon.identity.user.profile.stub/5.17.5/org.wso2.carbon.identity.user.profile.stub-5.17.5.jar:/home/randika/.m2/repository/org/wso2/carbon/identity/framework/org.wso2.carbon.identity.user.registration.stub/5.17.5/org.wso2.carbon.identity.user.registration.stub-5.17.5.jar:/home/randika/.m2/repository/com/fasterxml/jackson/dataformat/jackson-dataformat-yaml/2.10.3/jackson-dataformat-yaml-2.10.3.jar:/home/randika/.m2/repository/org/yaml/snakeyaml/1.24/snakeyaml-1.24.jar:/home/randika/.m2/repository/org/aspectj/aspectjrt/1.9.4/aspectjrt-1.9.4.jar:/home/randika/.m2/repository/org/wso2/carbon/apimgt/org.wso2.carbon.apimgt.localentry.stub/6.7.206/org.wso2.carbon.apimgt.localentry.stub-6.7.206.jar:/home/randika/.m2/repository/org/wso2/orbit/graphQL/graphQL/13.0.wso2v2/graphQL-13.0.wso2v2.jar:/home/randika/.m2/repository/com/graphql-java/graphql-java/13.0/graphql-java-13.0.jar:/home/randika/.m2/repository/org/antlr/antlr4-runtime/4.7/antlr4-runtime-4.7.jar:/home/randika/.m2/repository/org/reactivestreams/reactive-streams/1.0.2/reactive-streams-1.0.2.jar:/home/randika/.m2/repository/com/graphql-java/java-dataloader/2.1.0/java-dataloader-2.1.0.jar:/home/randika/.m2/repository/org/wso2/orbit/io/fabric8/kubernetes-client/4.6.4.wso2v1/kubernetes-client-4.6.4.wso2v1.jar:/home/randika/.m2/repository/io/fabric8/openshift-client/4.5.2/openshift-client-4.5.2.jar:/home/randika/.m2/repository/io/fabric8/kubernetes-client/4.5.2/kubernetes-client-4.5.2.jar:/home/randika/.m2/repository/io/fabric8/kubernetes-model/4.5.2/kubernetes-model-4.5.2.jar:/home/randika/.m2/repository/io/fabric8/kubernetes-model-common/4.5.2/kubernetes-model-common-4.5.2.jar:/home/randika/.m2/repository/com/fasterxml/jackson/module/jackson-module-jaxb-annotations/2.9.9/jackson-module-jaxb-annotations-2.9.9.jar:/home/randika/.m2/repository/com/squareup/okhttp3/logging-interceptor/3.12.0/logging-interceptor-3.12.0.jar:/home/randika/.m2/repository/io/fabric8/zjsonpatch/0.3.0/zjsonpatch-0.3.0.jar:/home/randika/.m2/repository/org/wso2/orbit/com/squareup/okio/okio/2.4.0.wso2v1/okio-2.4.0.wso2v1.jar:/home/randika/.m2/repository/org/jetbrains/kotlin/kotlin-stdlib/1.3.50/kotlin-stdlib-1.3.50.jar:/home/randika/.m2/repository/org/jetbrains/annotations/13.0/annotations-13.0.jar:/home/randika/.m2/repository/org/jetbrains/kotlin/kotlin-stdlib-common/1.3.50/kotlin-stdlib-common-1.3.50.jar:/home/randika/.m2/repository/org/wso2/orbit/org/apache/commons/commons-compress/1.18.0.wso2v1/commons-compress-1.18.0.wso2v1.jar:/home/randika/.m2/repository/org/wso2/orbit/com/squareup/okhttp/okhttp/4.2.0.wso2v1/okhttp-4.2.0.wso2v1.jar:/home/randika/.m2/repository/org/wso2/carbon/identity/framework/org.wso2.carbon.user.mgt.common/5.17.5/org.wso2.carbon.user.mgt.common-5.17.5.jar:/home/randika/.m2/repository/org/wso2/orbit/com/fasterxml/jackson/core/jackson-annotations/2.9.8.wso2v1/jackson-annotations-2.9.8.wso2v1.jar:/home/randika/.m2/repository/org/wso2/carbon/analytics-common/org.wso2.carbon.event.stream.core/5.2.26/org.wso2.carbon.event.stream.core-5.2.26.jar:/home/randika/.m2/repository/org/wso2/siddhi/siddhi-core/3.2.3/siddhi-core-3.2.3.jar:/home/randika/.m2/repository/org/wso2/siddhi/siddhi-query-api/3.2.3/siddhi-query-api-3.2.3.jar:/home/randika/.m2/repository/org/wso2/siddhi/siddhi-query-compiler/3.2.3/siddhi-query-compiler-3.2.3.jar:/home/randika/.m2/repository/org/mvel/mvel2/2.2.1.Final/mvel2-2.2.1.Final.jar:/home/randika/.m2/repository/org/apache/log4j/wso2/log4j/1.2.17.wso2v1/log4j-1.2.17.wso2v1.jar:/home/randika/.m2/repository/log4j/log4j/1.2.17/log4j-1.2.17.jar:/home/randika/.m2/repository/org/quartz-scheduler/wso2/quartz/2.1.1.wso2v1/quartz-2.1.1.wso2v1.jar:/home/randika/.m2/repository/org/quartz-scheduler/quartz/2.1.1/quartz-2.1.1.jar:/home/randika/.m2/repository/c3p0/c3p0/0.9.1.1/c3p0-0.9.1.1.jar:/home/randika/.m2/repository/io/dropwizard/metrics/metrics-core/3.1.0/metrics-core-3.1.0.jar:/home/randika/.m2/repository/org/wso2/carbon/analytics-common/org.wso2.carbon.event.application.deployer/5.2.26/org.wso2.carbon.event.application.deployer-5.2.26.jar:/home/randika/.m2/repository/org/wso2/carbon/org.wso2.carbon.application.deployer/4.5.3/org.wso2.carbon.application.deployer-4.5.3.jar:/home/randika/.m2/repository/org/wso2/carbon/org.wso2.carbon.roles.mgt/4.5.3/org.wso2.carbon.roles.mgt-4.5.3.jar:/home/randika/.m2/repository/org/projectlombok/lombok/1.18.24/lombok-1.18.24.jar:/home/randika/.m2/repository/com/google/code/gson/gson/2.9.1/gson-2.9.1.jar:/home/randika/.m2/repository/io/github/openfeign/feign-core/11.9.1/feign-core-11.9.1.jar:/home/randika/.m2/repository/io/github/openfeign/feign-gson/11.9.1/feign-gson-11.9.1.jar:/home/randika/.m2/repository/io/github/openfeign/feign-okhttp/11.9.1/feign-okhttp-11.9.1.jar:/home/randika/.m2/repository/com/squareup/okhttp3/okhttp/4.10.0/okhttp-4.10.0.jar:/home/randika/.m2/repository/com/squareup/okio/okio-jvm/3.0.0/okio-jvm-3.0.0.jar:/home/randika/.m2/repository/org/jetbrains/kotlin/kotlin-stdlib-jdk8/1.5.31/kotlin-stdlib-jdk8-1.5.31.jar:/home/randika/.m2/repository/org/jetbrains/kotlin/kotlin-stdlib-jdk7/1.5.31/kotlin-stdlib-jdk7-1.5.31.jar:/home/randika/.m2/repository/io/github/openfeign/feign-slf4j/11.9.1/feign-slf4j-11.9.1.jar:/home/randika/.m2/repository/org/slf4j/slf4j-api/1.7.36/slf4j-api-1.7.36.jar:/home/randika/.m2/repository/org/junit/jupiter/junit-jupiter-engine/5.9.0/junit-jupiter-engine-5.9.0.jar:/home/randika/.m2/repository/org/junit/platform/junit-platform-engine/1.9.0/junit-platform-engine-1.9.0.jar:/home/randika/.m2/repository/org/opentest4j/opentest4j/1.2.0/opentest4j-1.2.0.jar:/home/randika/.m2/repository/org/junit/platform/junit-platform-commons/1.9.0/junit-platform-commons-1.9.0.jar:/home/randika/.m2/repository/org/junit/jupiter/junit-jupiter-api/5.9.0/junit-jupiter-api-5.9.0.jar:/home/randika/.m2/repository/org/apiguardian/apiguardian-api/1.1.2/apiguardian-api-1.1.2.jar:/home/randika/.m2/repository/org/mockito/mockito-inline/4.7.0/mockito-inline-4.7.0.jar:/home/randika/.m2/repository/org/mockito/mockito-core/4.7.0/mockito-core-4.7.0.jar:/home/randika/.m2/repository/net/bytebuddy/byte-buddy/1.12.13/byte-buddy-1.12.13.jar:/home/randika/.m2/repository/net/bytebuddy/byte-buddy-agent/1.12.13/byte-buddy-agent-1.12.13.jar:/home/randika/.m2/repository/org/objenesis/objenesis/3.2/objenesis-3.2.jar:/home/randika/.m2/repository/org/mockito/mockito-junit-jupiter/4.7.0/mockito-junit-jupiter-4.7.0.jar:"/>
    <property name="sun.cpu.endian" value="little"/>
    <property name="user.home" value="/home/randika"/>
    <property name="user.language" value="en"/>
    <property name="java.specification.vendor" value="Oracle Corporation"/>
    <property name="java.home" value="/home/randika/.sdkman/candidates/java/8.0.265-open/jre"/>
    <property name="basedir" value="/home/randika/Documents/projects/apim-km-azure-ad/components/azure.key.manager"/>
    <property name="file.separator" value="/"/>
    <property name="line.separator" value="&#10;"/>
    <property name="java.vm.specification.vendor" value="Oracle Corporation"/>
    <property name="java.specification.name" value="Java Platform API Specification"/>
    <property name="java.awt.graphicsenv" value="sun.awt.X11GraphicsEnvironment"/>
    <property name="surefire.real.class.path" value="/home/randika/Documents/projects/apim-km-azure-ad/components/azure.key.manager/target/surefire/surefirebooter-20220902102012996_3.jar"/>
    <property name="sun.boot.class.path" value="/home/randika/.sdkman/candidates/java/8.0.265-open/jre/lib/resources.jar:/home/randika/.sdkman/candidates/java/8.0.265-open/jre/lib/rt.jar:/home/randika/.sdkman/candidates/java/8.0.265-open/jre/lib/sunrsasign.jar:/home/randika/.sdkman/candidates/java/8.0.265-open/jre/lib/jsse.jar:/home/randika/.sdkman/candidates/java/8.0.265-open/jre/lib/jce.jar:/home/randika/.sdkman/candidates/java/8.0.265-open/jre/lib/charsets.jar:/home/randika/.sdkman/candidates/java/8.0.265-open/jre/lib/jfr.jar:/home/randika/.sdkman/candidates/java/8.0.265-open/jre/classes"/>
    <property name="sun.management.compiler" value="HotSpot 64-Bit Tiered Compilers"/>
    <property name="java.runtime.version" value="1.8.0_265-b01"/>
    <property name="user.name" value="randika"/>
    <property name="path.separator" value=":"/>
    <property name="os.version" value="5.15.0-46-generic"/>
    <property name="java.endorsed.dirs" value="/home/randika/.sdkman/candidates/java/8.0.265-open/jre/lib/endorsed"/>
    <property name="java.runtime.name" value="OpenJDK Runtime Environment"/>
    <property name="file.encoding" value="UTF-8"/>
    <property name="java.vm.name" value="OpenJDK 64-Bit Server VM"/>
    <property name="localRepository" value="/home/randika/.m2/repository"/>
    <property name="java.vendor.url.bug" value="http://bugreport.sun.com/bugreport/"/>
    <property name="java.io.tmpdir" value="/tmp"/>
    <property name="java.version" value="1.8.0_265"/>
    <property name="user.dir" value="/home/randika/Documents/projects/apim-km-azure-ad/components/azure.key.manager"/>
    <property name="os.arch" value="amd64"/>
    <property name="java.vm.specification.name" value="Java Virtual Machine Specification"/>
    <property name="java.awt.printerjob" value="sun.print.PSPrinterJob"/>
    <property name="sun.os.patch.level" value="unknown"/>
    <property name="java.library.path" value="/usr/java/packages/lib/amd64:/usr/lib64:/lib64:/lib:/usr/lib"/>
    <property name="java.vm.info" value="mixed mode"/>
    <property name="java.vendor" value="Oracle Corporation"/>
    <property name="java.vm.version" value="25.265-b01"/>
    <property name="java.ext.dirs" value="/home/randika/.sdkman/candidates/java/8.0.265-open/jre/lib/ext:/usr/java/packages/lib/ext"/>
    <property name="sun.io.unicode.encoding" value="UnicodeLittle"/>
    <property name="java.class.version" value="52.0"/>
  </properties>
  <testcase name="itShouldUpdateCreatedApplication" classname="org.wso2.azure.client.TestAzureADClient" time="42.63">
    <system-err><![CDATA[SLF4J: Class path contains multiple SLF4J bindings.
SLF4J: Found binding in [jar:file:/home/randika/.m2/repository/org/ops4j/pax/logging/pax-logging-api/1.10.1/pax-logging-api-1.10.1.jar!/org/slf4j/impl/StaticLoggerBinder.class]
SLF4J: Found binding in [jar:file:/home/randika/.m2/repository/org/slf4j/slf4j-simple/1.7.21/slf4j-simple-1.7.21.jar!/org/slf4j/impl/StaticLoggerBinder.class]
SLF4J: Found binding in [jar:file:/home/randika/.m2/repository/slf4j/wso2/slf4j/1.5.10.wso2v1/slf4j-1.5.10.wso2v1.jar!/org/slf4j/impl/StaticLoggerBinder.class]
SLF4J: See http://www.slf4j.org/codes.html#multiple_bindings for an explanation.
SLF4J: Actual binding is of type [org.ops4j.pax.logging.slf4j.Slf4jLoggerFactory]
]]></system-err>
  </testcase>
  <testcase name="itShouldReturnNull_ForNullOAuthApplicationInfo" classname="org.wso2.azure.client.TestAzureADClient" time="3.518">
    <system-err><![CDATA[org.wso2.carbon.apimgt.impl.kmclient.KeyManagerClientException: Received status code: 404 Reason: Not Found
	at org.wso2.carbon.apimgt.impl.kmclient.KMClientErrorDecoder.decode_aroundBody0(KMClientErrorDecoder.java:29)
	at org.wso2.carbon.apimgt.impl.kmclient.KMClientErrorDecoder.decode(KMClientErrorDecoder.java:27)
	at feign.AsyncResponseHandler.handleResponse(AsyncResponseHandler.java:98)
	at feign.SynchronousMethodHandler.executeAndDecode(SynchronousMethodHandler.java:141)
	at feign.SynchronousMethodHandler.invoke(SynchronousMethodHandler.java:91)
	at feign.ReflectiveFeign$FeignInvocationHandler.invoke(ReflectiveFeign.java:100)
	at com.sun.proxy.$Proxy49.deleteApplication(Unknown Source)
	at org.wso2.azure.client.AzureADClient.lambda$0(AzureADClient.java:209)
	at java.util.ArrayList.forEach(ArrayList.java:1259)
	at org.wso2.azure.client.AzureADClient.clearTest(AzureADClient.java:207)
	at org.wso2.azure.client.TestAzureADClient.tearDown(TestAzureADClient.java:44)
	at sun.reflect.NativeMethodAccessorImpl.invoke0(Native Method)
	at sun.reflect.NativeMethodAccessorImpl.invoke(NativeMethodAccessorImpl.java:62)
	at sun.reflect.DelegatingMethodAccessorImpl.invoke(DelegatingMethodAccessorImpl.java:43)
	at java.lang.reflect.Method.invoke(Method.java:498)
	at org.junit.platform.commons.util.ReflectionUtils.invokeMethod(ReflectionUtils.java:727)
	at org.junit.jupiter.engine.execution.MethodInvocation.proceed(MethodInvocation.java:60)
	at org.junit.jupiter.engine.execution.InvocationInterceptorChain$ValidatingInvocation.proceed(InvocationInterceptorChain.java:131)
	at org.junit.jupiter.engine.extension.TimeoutExtension.intercept(TimeoutExtension.java:156)
	at org.junit.jupiter.engine.extension.TimeoutExtension.interceptLifecycleMethod(TimeoutExtension.java:128)
	at org.junit.jupiter.engine.extension.TimeoutExtension.interceptAfterEachMethod(TimeoutExtension.java:110)
	at org.junit.jupiter.engine.execution.InterceptingExecutableInvoker$ReflectiveInterceptorCall.lambda$ofVoidMethod$0(InterceptingExecutableInvoker.java:103)
	at org.junit.jupiter.engine.execution.InterceptingExecutableInvoker.lambda$invoke$0(InterceptingExecutableInvoker.java:93)
	at org.junit.jupiter.engine.execution.InvocationInterceptorChain$InterceptedInvocation.proceed(InvocationInterceptorChain.java:106)
	at org.junit.jupiter.engine.execution.InvocationInterceptorChain.proceed(InvocationInterceptorChain.java:64)
	at org.junit.jupiter.engine.execution.InvocationInterceptorChain.chainAndInvoke(InvocationInterceptorChain.java:45)
	at org.junit.jupiter.engine.execution.InvocationInterceptorChain.invoke(InvocationInterceptorChain.java:37)
	at org.junit.jupiter.engine.execution.InterceptingExecutableInvoker.invoke(InterceptingExecutableInvoker.java:92)
	at org.junit.jupiter.engine.execution.InterceptingExecutableInvoker.invoke(InterceptingExecutableInvoker.java:86)
	at org.junit.jupiter.engine.descriptor.ClassBasedTestDescriptor.invokeMethodInExtensionContext(ClassBasedTestDescriptor.java:520)
	at org.junit.jupiter.engine.descriptor.ClassBasedTestDescriptor.lambda$synthesizeAfterEachMethodAdapter$24(ClassBasedTestDescriptor.java:510)
	at org.junit.jupiter.engine.descriptor.TestMethodTestDescriptor.lambda$invokeAfterEachMethods$10(TestMethodTestDescriptor.java:243)
	at org.junit.jupiter.engine.descriptor.TestMethodTestDescriptor.lambda$invokeAllAfterMethodsOrCallbacks$13(TestMethodTestDescriptor.java:276)
	at org.junit.platform.engine.support.hierarchical.ThrowableCollector.execute(ThrowableCollector.java:73)
	at org.junit.jupiter.engine.descriptor.TestMethodTestDescriptor.lambda$invokeAllAfterMethodsOrCallbacks$14(TestMethodTestDescriptor.java:276)
	at java.util.ArrayList.forEach(ArrayList.java:1259)
	at org.junit.jupiter.engine.descriptor.TestMethodTestDescriptor.invokeAllAfterMethodsOrCallbacks(TestMethodTestDescriptor.java:275)
	at org.junit.jupiter.engine.descriptor.TestMethodTestDescriptor.invokeAfterEachMethods(TestMethodTestDescriptor.java:241)
	at org.junit.jupiter.engine.descriptor.TestMethodTestDescriptor.execute(TestMethodTestDescriptor.java:142)
	at org.junit.jupiter.engine.descriptor.TestMethodTestDescriptor.execute(TestMethodTestDescriptor.java:68)
	at org.junit.platform.engine.support.hierarchical.NodeTestTask.lambda$executeRecursively$6(NodeTestTask.java:151)
	at org.junit.platform.engine.support.hierarchical.ThrowableCollector.execute(ThrowableCollector.java:73)
	at org.junit.platform.engine.support.hierarchical.NodeTestTask.lambda$executeRecursively$8(NodeTestTask.java:141)
	at org.junit.platform.engine.support.hierarchical.Node.around(Node.java:137)
	at org.junit.platform.engine.support.hierarchical.NodeTestTask.lambda$executeRecursively$9(NodeTestTask.java:139)
	at org.junit.platform.engine.support.hierarchical.ThrowableCollector.execute(ThrowableCollector.java:73)
	at org.junit.platform.engine.support.hierarchical.NodeTestTask.executeRecursively(NodeTestTask.java:138)
	at org.junit.platform.engine.support.hierarchical.NodeTestTask.execute(NodeTestTask.java:95)
	at java.util.ArrayList.forEach(ArrayList.java:1259)
	at org.junit.platform.engine.support.hierarchical.SameThreadHierarchicalTestExecutorService.invokeAll(SameThreadHierarchicalTestExecutorService.java:41)
	at org.junit.platform.engine.support.hierarchical.NodeTestTask.lambda$executeRecursively$6(NodeTestTask.java:155)
	at org.junit.platform.engine.support.hierarchical.ThrowableCollector.execute(ThrowableCollector.java:73)
	at org.junit.platform.engine.support.hierarchical.NodeTestTask.lambda$executeRecursively$8(NodeTestTask.java:141)
	at org.junit.platform.engine.support.hierarchical.Node.around(Node.java:137)
	at org.junit.platform.engine.support.hierarchical.NodeTestTask.lambda$executeRecursively$9(NodeTestTask.java:139)
	at org.junit.platform.engine.support.hierarchical.ThrowableCollector.execute(ThrowableCollector.java:73)
	at org.junit.platform.engine.support.hierarchical.NodeTestTask.executeRecursively(NodeTestTask.java:138)
	at org.junit.platform.engine.support.hierarchical.NodeTestTask.execute(NodeTestTask.java:95)
	at java.util.ArrayList.forEach(ArrayList.java:1259)
	at org.junit.platform.engine.support.hierarchical.SameThreadHierarchicalTestExecutorService.invokeAll(SameThreadHierarchicalTestExecutorService.java:41)
	at org.junit.platform.engine.support.hierarchical.NodeTestTask.lambda$executeRecursively$6(NodeTestTask.java:155)
	at org.junit.platform.engine.support.hierarchical.ThrowableCollector.execute(ThrowableCollector.java:73)
	at org.junit.platform.engine.support.hierarchical.NodeTestTask.lambda$executeRecursively$8(NodeTestTask.java:141)
	at org.junit.platform.engine.support.hierarchical.Node.around(Node.java:137)
	at org.junit.platform.engine.support.hierarchical.NodeTestTask.lambda$executeRecursively$9(NodeTestTask.java:139)
	at org.junit.platform.engine.support.hierarchical.ThrowableCollector.execute(ThrowableCollector.java:73)
	at org.junit.platform.engine.support.hierarchical.NodeTestTask.executeRecursively(NodeTestTask.java:138)
	at org.junit.platform.engine.support.hierarchical.NodeTestTask.execute(NodeTestTask.java:95)
	at org.junit.platform.engine.support.hierarchical.SameThreadHierarchicalTestExecutorService.submit(SameThreadHierarchicalTestExecutorService.java:35)
	at org.junit.platform.engine.support.hierarchical.HierarchicalTestExecutor.execute(HierarchicalTestExecutor.java:57)
	at org.junit.platform.engine.support.hierarchical.HierarchicalTestEngine.execute(HierarchicalTestEngine.java:54)
	at org.junit.platform.launcher.core.EngineExecutionOrchestrator.execute(EngineExecutionOrchestrator.java:147)
	at org.junit.platform.launcher.core.EngineExecutionOrchestrator.execute(EngineExecutionOrchestrator.java:127)
	at org.junit.platform.launcher.core.EngineExecutionOrchestrator.execute(EngineExecutionOrchestrator.java:90)
	at org.junit.platform.launcher.core.EngineExecutionOrchestrator.lambda$execute$0(EngineExecutionOrchestrator.java:55)
	at org.junit.platform.launcher.core.EngineExecutionOrchestrator.withInterceptedStreams(EngineExecutionOrchestrator.java:102)
	at org.junit.platform.launcher.core.EngineExecutionOrchestrator.execute(EngineExecutionOrchestrator.java:54)
	at org.junit.platform.launcher.core.DefaultLauncher.execute(DefaultLauncher.java:114)
	at org.junit.platform.launcher.core.DefaultLauncher.execute(DefaultLauncher.java:86)
	at org.junit.platform.launcher.core.DefaultLauncherSession$DelegatingLauncher.execute(DefaultLauncherSession.java:86)
	at org.apache.maven.surefire.junitplatform.LazyLauncher.execute(LazyLauncher.java:55)
	at org.apache.maven.surefire.junitplatform.JUnitPlatformProvider.execute(JUnitPlatformProvider.java:223)
	at org.apache.maven.surefire.junitplatform.JUnitPlatformProvider.invokeAllTests(JUnitPlatformProvider.java:175)
	at org.apache.maven.surefire.junitplatform.JUnitPlatformProvider.invoke(JUnitPlatformProvider.java:139)
	at org.apache.maven.surefire.booter.ForkedBooter.runSuitesInProcess(ForkedBooter.java:456)
	at org.apache.maven.surefire.booter.ForkedBooter.execute(ForkedBooter.java:169)
	at org.apache.maven.surefire.booter.ForkedBooter.run(ForkedBooter.java:595)
	at org.apache.maven.surefire.booter.ForkedBooter.main(ForkedBooter.java:581)
]]></system-err>
  </testcase>
  <testcase name="itShouldReturnCreatedApplicationInfo" classname="org.wso2.azure.client.TestAzureADClient" time="5.959">
    <system-err><![CDATA[org.wso2.carbon.apimgt.impl.kmclient.KeyManagerClientException: Received status code: 404 Reason: Not Found
	at org.wso2.carbon.apimgt.impl.kmclient.KMClientErrorDecoder.decode_aroundBody0(KMClientErrorDecoder.java:29)
	at org.wso2.carbon.apimgt.impl.kmclient.KMClientErrorDecoder.decode(KMClientErrorDecoder.java:27)
	at feign.AsyncResponseHandler.handleResponse(AsyncResponseHandler.java:98)
	at feign.SynchronousMethodHandler.executeAndDecode(SynchronousMethodHandler.java:141)
	at feign.SynchronousMethodHandler.invoke(SynchronousMethodHandler.java:91)
	at feign.ReflectiveFeign$FeignInvocationHandler.invoke(ReflectiveFeign.java:100)
	at com.sun.proxy.$Proxy49.deleteApplication(Unknown Source)
	at org.wso2.azure.client.AzureADClient.lambda$0(AzureADClient.java:209)
	at java.util.ArrayList.forEach(ArrayList.java:1259)
	at org.wso2.azure.client.AzureADClient.clearTest(AzureADClient.java:207)
	at org.wso2.azure.client.TestAzureADClient.tearDown(TestAzureADClient.java:44)
	at sun.reflect.NativeMethodAccessorImpl.invoke0(Native Method)
	at sun.reflect.NativeMethodAccessorImpl.invoke(NativeMethodAccessorImpl.java:62)
	at sun.reflect.DelegatingMethodAccessorImpl.invoke(DelegatingMethodAccessorImpl.java:43)
	at java.lang.reflect.Method.invoke(Method.java:498)
	at org.junit.platform.commons.util.ReflectionUtils.invokeMethod(ReflectionUtils.java:727)
	at org.junit.jupiter.engine.execution.MethodInvocation.proceed(MethodInvocation.java:60)
	at org.junit.jupiter.engine.execution.InvocationInterceptorChain$ValidatingInvocation.proceed(InvocationInterceptorChain.java:131)
	at org.junit.jupiter.engine.extension.TimeoutExtension.intercept(TimeoutExtension.java:156)
	at org.junit.jupiter.engine.extension.TimeoutExtension.interceptLifecycleMethod(TimeoutExtension.java:128)
	at org.junit.jupiter.engine.extension.TimeoutExtension.interceptAfterEachMethod(TimeoutExtension.java:110)
	at org.junit.jupiter.engine.execution.InterceptingExecutableInvoker$ReflectiveInterceptorCall.lambda$ofVoidMethod$0(InterceptingExecutableInvoker.java:103)
	at org.junit.jupiter.engine.execution.InterceptingExecutableInvoker.lambda$invoke$0(InterceptingExecutableInvoker.java:93)
	at org.junit.jupiter.engine.execution.InvocationInterceptorChain$InterceptedInvocation.proceed(InvocationInterceptorChain.java:106)
	at org.junit.jupiter.engine.execution.InvocationInterceptorChain.proceed(InvocationInterceptorChain.java:64)
	at org.junit.jupiter.engine.execution.InvocationInterceptorChain.chainAndInvoke(InvocationInterceptorChain.java:45)
	at org.junit.jupiter.engine.execution.InvocationInterceptorChain.invoke(InvocationInterceptorChain.java:37)
	at org.junit.jupiter.engine.execution.InterceptingExecutableInvoker.invoke(InterceptingExecutableInvoker.java:92)
	at org.junit.jupiter.engine.execution.InterceptingExecutableInvoker.invoke(InterceptingExecutableInvoker.java:86)
	at org.junit.jupiter.engine.descriptor.ClassBasedTestDescriptor.invokeMethodInExtensionContext(ClassBasedTestDescriptor.java:520)
	at org.junit.jupiter.engine.descriptor.ClassBasedTestDescriptor.lambda$synthesizeAfterEachMethodAdapter$24(ClassBasedTestDescriptor.java:510)
	at org.junit.jupiter.engine.descriptor.TestMethodTestDescriptor.lambda$invokeAfterEachMethods$10(TestMethodTestDescriptor.java:243)
	at org.junit.jupiter.engine.descriptor.TestMethodTestDescriptor.lambda$invokeAllAfterMethodsOrCallbacks$13(TestMethodTestDescriptor.java:276)
	at org.junit.platform.engine.support.hierarchical.ThrowableCollector.execute(ThrowableCollector.java:73)
	at org.junit.jupiter.engine.descriptor.TestMethodTestDescriptor.lambda$invokeAllAfterMethodsOrCallbacks$14(TestMethodTestDescriptor.java:276)
	at java.util.ArrayList.forEach(ArrayList.java:1259)
	at org.junit.jupiter.engine.descriptor.TestMethodTestDescriptor.invokeAllAfterMethodsOrCallbacks(TestMethodTestDescriptor.java:275)
	at org.junit.jupiter.engine.descriptor.TestMethodTestDescriptor.invokeAfterEachMethods(TestMethodTestDescriptor.java:241)
	at org.junit.jupiter.engine.descriptor.TestMethodTestDescriptor.execute(TestMethodTestDescriptor.java:142)
	at org.junit.jupiter.engine.descriptor.TestMethodTestDescriptor.execute(TestMethodTestDescriptor.java:68)
	at org.junit.platform.engine.support.hierarchical.NodeTestTask.lambda$executeRecursively$6(NodeTestTask.java:151)
	at org.junit.platform.engine.support.hierarchical.ThrowableCollector.execute(ThrowableCollector.java:73)
	at org.junit.platform.engine.support.hierarchical.NodeTestTask.lambda$executeRecursively$8(NodeTestTask.java:141)
	at org.junit.platform.engine.support.hierarchical.Node.around(Node.java:137)
	at org.junit.platform.engine.support.hierarchical.NodeTestTask.lambda$executeRecursively$9(NodeTestTask.java:139)
	at org.junit.platform.engine.support.hierarchical.ThrowableCollector.execute(ThrowableCollector.java:73)
	at org.junit.platform.engine.support.hierarchical.NodeTestTask.executeRecursively(NodeTestTask.java:138)
	at org.junit.platform.engine.support.hierarchical.NodeTestTask.execute(NodeTestTask.java:95)
	at java.util.ArrayList.forEach(ArrayList.java:1259)
	at org.junit.platform.engine.support.hierarchical.SameThreadHierarchicalTestExecutorService.invokeAll(SameThreadHierarchicalTestExecutorService.java:41)
	at org.junit.platform.engine.support.hierarchical.NodeTestTask.lambda$executeRecursively$6(NodeTestTask.java:155)
	at org.junit.platform.engine.support.hierarchical.ThrowableCollector.execute(ThrowableCollector.java:73)
	at org.junit.platform.engine.support.hierarchical.NodeTestTask.lambda$executeRecursively$8(NodeTestTask.java:141)
	at org.junit.platform.engine.support.hierarchical.Node.around(Node.java:137)
	at org.junit.platform.engine.support.hierarchical.NodeTestTask.lambda$executeRecursively$9(NodeTestTask.java:139)
	at org.junit.platform.engine.support.hierarchical.ThrowableCollector.execute(ThrowableCollector.java:73)
	at org.junit.platform.engine.support.hierarchical.NodeTestTask.executeRecursively(NodeTestTask.java:138)
	at org.junit.platform.engine.support.hierarchical.NodeTestTask.execute(NodeTestTask.java:95)
	at java.util.ArrayList.forEach(ArrayList.java:1259)
	at org.junit.platform.engine.support.hierarchical.SameThreadHierarchicalTestExecutorService.invokeAll(SameThreadHierarchicalTestExecutorService.java:41)
	at org.junit.platform.engine.support.hierarchical.NodeTestTask.lambda$executeRecursively$6(NodeTestTask.java:155)
	at org.junit.platform.engine.support.hierarchical.ThrowableCollector.execute(ThrowableCollector.java:73)
	at org.junit.platform.engine.support.hierarchical.NodeTestTask.lambda$executeRecursively$8(NodeTestTask.java:141)
	at org.junit.platform.engine.support.hierarchical.Node.around(Node.java:137)
	at org.junit.platform.engine.support.hierarchical.NodeTestTask.lambda$executeRecursively$9(NodeTestTask.java:139)
	at org.junit.platform.engine.support.hierarchical.ThrowableCollector.execute(ThrowableCollector.java:73)
	at org.junit.platform.engine.support.hierarchical.NodeTestTask.executeRecursively(NodeTestTask.java:138)
	at org.junit.platform.engine.support.hierarchical.NodeTestTask.execute(NodeTestTask.java:95)
	at org.junit.platform.engine.support.hierarchical.SameThreadHierarchicalTestExecutorService.submit(SameThreadHierarchicalTestExecutorService.java:35)
	at org.junit.platform.engine.support.hierarchical.HierarchicalTestExecutor.execute(HierarchicalTestExecutor.java:57)
	at org.junit.platform.engine.support.hierarchical.HierarchicalTestEngine.execute(HierarchicalTestEngine.java:54)
	at org.junit.platform.launcher.core.EngineExecutionOrchestrator.execute(EngineExecutionOrchestrator.java:147)
	at org.junit.platform.launcher.core.EngineExecutionOrchestrator.execute(EngineExecutionOrchestrator.java:127)
	at org.junit.platform.launcher.core.EngineExecutionOrchestrator.execute(EngineExecutionOrchestrator.java:90)
	at org.junit.platform.launcher.core.EngineExecutionOrchestrator.lambda$execute$0(EngineExecutionOrchestrator.java:55)
	at org.junit.platform.launcher.core.EngineExecutionOrchestrator.withInterceptedStreams(EngineExecutionOrchestrator.java:102)
	at org.junit.platform.launcher.core.EngineExecutionOrchestrator.execute(EngineExecutionOrchestrator.java:54)
	at org.junit.platform.launcher.core.DefaultLauncher.execute(DefaultLauncher.java:114)
	at org.junit.platform.launcher.core.DefaultLauncher.execute(DefaultLauncher.java:86)
	at org.junit.platform.launcher.core.DefaultLauncherSession$DelegatingLauncher.execute(DefaultLauncherSession.java:86)
	at org.apache.maven.surefire.junitplatform.LazyLauncher.execute(LazyLauncher.java:55)
	at org.apache.maven.surefire.junitplatform.JUnitPlatformProvider.execute(JUnitPlatformProvider.java:223)
	at org.apache.maven.surefire.junitplatform.JUnitPlatformProvider.invokeAllTests(JUnitPlatformProvider.java:175)
	at org.apache.maven.surefire.junitplatform.JUnitPlatformProvider.invoke(JUnitPlatformProvider.java:139)
	at org.apache.maven.surefire.booter.ForkedBooter.runSuitesInProcess(ForkedBooter.java:456)
	at org.apache.maven.surefire.booter.ForkedBooter.execute(ForkedBooter.java:169)
	at org.apache.maven.surefire.booter.ForkedBooter.run(ForkedBooter.java:595)
	at org.apache.maven.surefire.booter.ForkedBooter.main(ForkedBooter.java:581)
]]></system-err>
  </testcase>
  <testcase name="itShouldDeleteApplicationApplicationInfo" classname="org.wso2.azure.client.TestAzureADClient" time="10.249"/>
  <testcase name="itShouldGetClientInformation" classname="org.wso2.azure.client.TestAzureADClient" time="52.68"/>
</testsuite>